starting worker pid=49794 on localhost:11968 at 04:04:45.617
starting worker pid=49818 on localhost:11968 at 04:04:45.631
starting worker pid=49819 on localhost:11968 at 04:04:45.636
starting worker pid=49811 on localhost:11968 at 04:04:45.724
starting worker pid=49797 on localhost:11968 at 04:04:45.767
starting worker pid=49824 on localhost:11968 at 04:04:45.778
starting worker pid=49799 on localhost:11968 at 04:04:45.813
starting worker pid=49805 on localhost:11968 at 04:04:45.833
starting worker pid=49787 on localhost:11968 at 04:04:45.850
starting worker pid=49791 on localhost:11968 at 04:04:45.862
starting worker pid=49833 on localhost:11968 at 04:04:45.865
starting worker pid=49822 on localhost:11968 at 04:04:45.868
starting worker pid=49788 on localhost:11968 at 04:04:45.905
starting worker pid=49807 on localhost:11968 at 04:04:45.910
starting worker pid=49820 on localhost:11968 at 04:04:45.911
starting worker pid=49826 on localhost:11968 at 04:04:45.911
starting worker pid=49827 on localhost:11968 at 04:04:45.929
starting worker pid=49835 on localhost:11968 at 04:04:45.944
starting worker pid=49838 on localhost:11968 at 04:04:45.945
starting worker pid=49810 on localhost:11968 at 04:04:45.953
starting worker pid=49795 on localhost:11968 at 04:04:45.955
starting worker pid=49830 on localhost:11968 at 04:04:45.962
starting worker pid=49837 on localhost:11968 at 04:04:45.966
starting worker pid=49836 on localhost:11968 at 04:04:45.968
starting worker pid=49809 on localhost:11968 at 04:04:45.972
starting worker pid=49816 on localhost:11968 at 04:04:45.975
starting worker pid=49806 on localhost:11968 at 04:04:45.979
starting worker pid=49789 on localhost:11968 at 04:04:45.980
starting worker pid=49823 on localhost:11968 at 04:04:45.980
starting worker pid=49815 on localhost:11968 at 04:04:45.983
starting worker pid=49839 on localhost:11968 at 04:04:45.985
starting worker pid=49802 on localhost:11968 at 04:04:45.987
starting worker pid=49792 on localhost:11968 at 04:04:45.989
starting worker pid=49790 on localhost:11968 at 04:04:45.989
starting worker pid=49796 on localhost:11968 at 04:04:45.991
starting worker pid=49793 on localhost:11968 at 04:04:45.998
starting worker pid=49801 on localhost:11968 at 04:04:46.003
starting worker pid=49821 on localhost:11968 at 04:04:46.009
starting worker pid=49808 on localhost:11968 at 04:04:46.011
starting worker pid=49798 on localhost:11968 at 04:04:46.013
starting worker pid=49803 on localhost:11968 at 04:04:46.014
starting worker pid=49832 on localhost:11968 at 04:04:46.014
starting worker pid=49829 on localhost:11968 at 04:04:46.025
starting worker pid=49804 on localhost:11968 at 04:04:46.030
starting worker pid=49834 on localhost:11968 at 04:04:46.043
starting worker pid=49814 on localhost:11968 at 04:04:46.066
starting worker pid=49840 on localhost:11968 at 04:04:46.071
starting worker pid=49841 on localhost:11968 at 04:04:46.100
starting worker pid=49800 on localhost:11968 at 04:04:46.118
starting worker pid=49828 on localhost:11968 at 04:04:46.169
starting worker pid=49831 on localhost:11968 at 04:04:46.170
starting worker pid=49825 on localhost:11968 at 04:04:46.559
starting worker pid=49812 on localhost:11968 at 04:04:46.664
starting worker pid=49813 on localhost:11968 at 04:04:46.702
starting worker pid=49817 on localhost:11968 at 04:04:46.728
[[1]]
 [1] "parallel"        "pulsar"          "PRROC"           "dplyr"          
 [5] "coda4microbiome" "stats"           "graphics"        "grDevices"      
 [9] "utils"           "datasets"        "methods"         "base"           

[[2]]
 [1] "parallel"        "pulsar"          "PRROC"           "dplyr"          
 [5] "coda4microbiome" "stats"           "graphics"        "grDevices"      
 [9] "utils"           "datasets"        "methods"         "base"           

[[3]]
 [1] "parallel"        "pulsar"          "PRROC"           "dplyr"          
 [5] "coda4microbiome" "stats"           "graphics"        "grDevices"      
 [9] "utils"           "datasets"        "methods"         "base"           

[[4]]
 [1] "parallel"        "pulsar"          "PRROC"           "dplyr"          
 [5] "coda4microbiome" "stats"           "graphics"        "grDevices"      
 [9] "utils"           "datasets"        "methods"         "base"           

[[5]]
 [1] "parallel"        "pulsar"          "PRROC"           "dplyr"          
 [5] "coda4microbiome" "stats"           "graphics"        "grDevices"      
 [9] "utils"           "datasets"        "methods"         "base"           

[[6]]
 [1] "parallel"        "pulsar"          "PRROC"           "dplyr"          
 [5] "coda4microbiome" "stats"           "graphics"        "grDevices"      
 [9] "utils"           "datasets"        "methods"         "base"           

[[7]]
 [1] "parallel"        "pulsar"          "PRROC"           "dplyr"          
 [5] "coda4microbiome" "stats"           "graphics"        "grDevices"      
 [9] "utils"           "datasets"        "methods"         "base"           

[[8]]
 [1] "parallel"        "pulsar"          "PRROC"           "dplyr"          
 [5] "coda4microbiome" "stats"           "graphics"        "grDevices"      
 [9] "utils"           "datasets"        "methods"         "base"           

[[9]]
 [1] "parallel"        "pulsar"          "PRROC"           "dplyr"          
 [5] "coda4microbiome" "stats"           "graphics"        "grDevices"      
 [9] "utils"           "datasets"        "methods"         "base"           

[[10]]
 [1] "parallel"        "pulsar"          "PRROC"           "dplyr"          
 [5] "coda4microbiome" "stats"           "graphics"        "grDevices"      
 [9] "utils"           "datasets"        "methods"         "base"           

[[11]]
 [1] "parallel"        "pulsar"          "PRROC"           "dplyr"          
 [5] "coda4microbiome" "stats"           "graphics"        "grDevices"      
 [9] "utils"           "datasets"        "methods"         "base"           

[[12]]
 [1] "parallel"        "pulsar"          "PRROC"           "dplyr"          
 [5] "coda4microbiome" "stats"           "graphics"        "grDevices"      
 [9] "utils"           "datasets"        "methods"         "base"           

[[13]]
 [1] "parallel"        "pulsar"          "PRROC"           "dplyr"          
 [5] "coda4microbiome" "stats"           "graphics"        "grDevices"      
 [9] "utils"           "datasets"        "methods"         "base"           

[[14]]
 [1] "parallel"        "pulsar"          "PRROC"           "dplyr"          
 [5] "coda4microbiome" "stats"           "graphics"        "grDevices"      
 [9] "utils"           "datasets"        "methods"         "base"           

[[15]]
 [1] "parallel"        "pulsar"          "PRROC"           "dplyr"          
 [5] "coda4microbiome" "stats"           "graphics"        "grDevices"      
 [9] "utils"           "datasets"        "methods"         "base"           

[[16]]
 [1] "parallel"        "pulsar"          "PRROC"           "dplyr"          
 [5] "coda4microbiome" "stats"           "graphics"        "grDevices"      
 [9] "utils"           "datasets"        "methods"         "base"           

[[17]]
 [1] "parallel"        "pulsar"          "PRROC"           "dplyr"          
 [5] "coda4microbiome" "stats"           "graphics"        "grDevices"      
 [9] "utils"           "datasets"        "methods"         "base"           

[[18]]
 [1] "parallel"        "pulsar"          "PRROC"           "dplyr"          
 [5] "coda4microbiome" "stats"           "graphics"        "grDevices"      
 [9] "utils"           "datasets"        "methods"         "base"           

[[19]]
 [1] "parallel"        "pulsar"          "PRROC"           "dplyr"          
 [5] "coda4microbiome" "stats"           "graphics"        "grDevices"      
 [9] "utils"           "datasets"        "methods"         "base"           

[[20]]
 [1] "parallel"        "pulsar"          "PRROC"           "dplyr"          
 [5] "coda4microbiome" "stats"           "graphics"        "grDevices"      
 [9] "utils"           "datasets"        "methods"         "base"           

[[21]]
 [1] "parallel"        "pulsar"          "PRROC"           "dplyr"          
 [5] "coda4microbiome" "stats"           "graphics"        "grDevices"      
 [9] "utils"           "datasets"        "methods"         "base"           

[[22]]
 [1] "parallel"        "pulsar"          "PRROC"           "dplyr"          
 [5] "coda4microbiome" "stats"           "graphics"        "grDevices"      
 [9] "utils"           "datasets"        "methods"         "base"           

[[23]]
 [1] "parallel"        "pulsar"          "PRROC"           "dplyr"          
 [5] "coda4microbiome" "stats"           "graphics"        "grDevices"      
 [9] "utils"           "datasets"        "methods"         "base"           

[[24]]
 [1] "parallel"        "pulsar"          "PRROC"           "dplyr"          
 [5] "coda4microbiome" "stats"           "graphics"        "grDevices"      
 [9] "utils"           "datasets"        "methods"         "base"           

[[25]]
 [1] "parallel"        "pulsar"          "PRROC"           "dplyr"          
 [5] "coda4microbiome" "stats"           "graphics"        "grDevices"      
 [9] "utils"           "datasets"        "methods"         "base"           

[[26]]
 [1] "parallel"        "pulsar"          "PRROC"           "dplyr"          
 [5] "coda4microbiome" "stats"           "graphics"        "grDevices"      
 [9] "utils"           "datasets"        "methods"         "base"           

[[27]]
 [1] "parallel"        "pulsar"          "PRROC"           "dplyr"          
 [5] "coda4microbiome" "stats"           "graphics"        "grDevices"      
 [9] "utils"           "datasets"        "methods"         "base"           

[[28]]
 [1] "parallel"        "pulsar"          "PRROC"           "dplyr"          
 [5] "coda4microbiome" "stats"           "graphics"        "grDevices"      
 [9] "utils"           "datasets"        "methods"         "base"           

[[29]]
 [1] "parallel"        "pulsar"          "PRROC"           "dplyr"          
 [5] "coda4microbiome" "stats"           "graphics"        "grDevices"      
 [9] "utils"           "datasets"        "methods"         "base"           

[[30]]
 [1] "parallel"        "pulsar"          "PRROC"           "dplyr"          
 [5] "coda4microbiome" "stats"           "graphics"        "grDevices"      
 [9] "utils"           "datasets"        "methods"         "base"           

[[31]]
 [1] "parallel"        "pulsar"          "PRROC"           "dplyr"          
 [5] "coda4microbiome" "stats"           "graphics"        "grDevices"      
 [9] "utils"           "datasets"        "methods"         "base"           

[[32]]
 [1] "parallel"        "pulsar"          "PRROC"           "dplyr"          
 [5] "coda4microbiome" "stats"           "graphics"        "grDevices"      
 [9] "utils"           "datasets"        "methods"         "base"           

[[33]]
 [1] "parallel"        "pulsar"          "PRROC"           "dplyr"          
 [5] "coda4microbiome" "stats"           "graphics"        "grDevices"      
 [9] "utils"           "datasets"        "methods"         "base"           

[[34]]
 [1] "parallel"        "pulsar"          "PRROC"           "dplyr"          
 [5] "coda4microbiome" "stats"           "graphics"        "grDevices"      
 [9] "utils"           "datasets"        "methods"         "base"           

[[35]]
 [1] "parallel"        "pulsar"          "PRROC"           "dplyr"          
 [5] "coda4microbiome" "stats"           "graphics"        "grDevices"      
 [9] "utils"           "datasets"        "methods"         "base"           

[[36]]
 [1] "parallel"        "pulsar"          "PRROC"           "dplyr"          
 [5] "coda4microbiome" "stats"           "graphics"        "grDevices"      
 [9] "utils"           "datasets"        "methods"         "base"           

[[37]]
 [1] "parallel"        "pulsar"          "PRROC"           "dplyr"          
 [5] "coda4microbiome" "stats"           "graphics"        "grDevices"      
 [9] "utils"           "datasets"        "methods"         "base"           

[[38]]
 [1] "parallel"        "pulsar"          "PRROC"           "dplyr"          
 [5] "coda4microbiome" "stats"           "graphics"        "grDevices"      
 [9] "utils"           "datasets"        "methods"         "base"           

[[39]]
 [1] "parallel"        "pulsar"          "PRROC"           "dplyr"          
 [5] "coda4microbiome" "stats"           "graphics"        "grDevices"      
 [9] "utils"           "datasets"        "methods"         "base"           

[[40]]
 [1] "parallel"        "pulsar"          "PRROC"           "dplyr"          
 [5] "coda4microbiome" "stats"           "graphics"        "grDevices"      
 [9] "utils"           "datasets"        "methods"         "base"           

[[41]]
 [1] "parallel"        "pulsar"          "PRROC"           "dplyr"          
 [5] "coda4microbiome" "stats"           "graphics"        "grDevices"      
 [9] "utils"           "datasets"        "methods"         "base"           

[[42]]
 [1] "parallel"        "pulsar"          "PRROC"           "dplyr"          
 [5] "coda4microbiome" "stats"           "graphics"        "grDevices"      
 [9] "utils"           "datasets"        "methods"         "base"           

[[43]]
 [1] "parallel"        "pulsar"          "PRROC"           "dplyr"          
 [5] "coda4microbiome" "stats"           "graphics"        "grDevices"      
 [9] "utils"           "datasets"        "methods"         "base"           

[[44]]
 [1] "parallel"        "pulsar"          "PRROC"           "dplyr"          
 [5] "coda4microbiome" "stats"           "graphics"        "grDevices"      
 [9] "utils"           "datasets"        "methods"         "base"           

[[45]]
 [1] "parallel"        "pulsar"          "PRROC"           "dplyr"          
 [5] "coda4microbiome" "stats"           "graphics"        "grDevices"      
 [9] "utils"           "datasets"        "methods"         "base"           

[[46]]
 [1] "parallel"        "pulsar"          "PRROC"           "dplyr"          
 [5] "coda4microbiome" "stats"           "graphics"        "grDevices"      
 [9] "utils"           "datasets"        "methods"         "base"           

[[47]]
 [1] "parallel"        "pulsar"          "PRROC"           "dplyr"          
 [5] "coda4microbiome" "stats"           "graphics"        "grDevices"      
 [9] "utils"           "datasets"        "methods"         "base"           

[[48]]
 [1] "parallel"        "pulsar"          "PRROC"           "dplyr"          
 [5] "coda4microbiome" "stats"           "graphics"        "grDevices"      
 [9] "utils"           "datasets"        "methods"         "base"           

[[49]]
 [1] "parallel"        "pulsar"          "PRROC"           "dplyr"          
 [5] "coda4microbiome" "stats"           "graphics"        "grDevices"      
 [9] "utils"           "datasets"        "methods"         "base"           

[[50]]
 [1] "parallel"        "pulsar"          "PRROC"           "dplyr"          
 [5] "coda4microbiome" "stats"           "graphics"        "grDevices"      
 [9] "utils"           "datasets"        "methods"         "base"           

[[51]]
 [1] "parallel"        "pulsar"          "PRROC"           "dplyr"          
 [5] "coda4microbiome" "stats"           "graphics"        "grDevices"      
 [9] "utils"           "datasets"        "methods"         "base"           

[[52]]
 [1] "parallel"        "pulsar"          "PRROC"           "dplyr"          
 [5] "coda4microbiome" "stats"           "graphics"        "grDevices"      
 [9] "utils"           "datasets"        "methods"         "base"           

[[53]]
 [1] "parallel"        "pulsar"          "PRROC"           "dplyr"          
 [5] "coda4microbiome" "stats"           "graphics"        "grDevices"      
 [9] "utils"           "datasets"        "methods"         "base"           

[[54]]
 [1] "parallel"        "pulsar"          "PRROC"           "dplyr"          
 [5] "coda4microbiome" "stats"           "graphics"        "grDevices"      
 [9] "utils"           "datasets"        "methods"         "base"           

[[55]]
 [1] "parallel"        "pulsar"          "PRROC"           "dplyr"          
 [5] "coda4microbiome" "stats"           "graphics"        "grDevices"      
 [9] "utils"           "datasets"        "methods"         "base"           

