starting worker pid=33623 on localhost:11061 at 21:51:56.662
starting worker pid=33595 on localhost:11061 at 21:51:56.867
starting worker pid=33603 on localhost:11061 at 21:51:56.919
starting worker pid=33638 on localhost:11061 at 21:51:56.986
starting worker pid=33596 on localhost:11061 at 21:51:57.001
starting worker pid=33594 on localhost:11061 at 21:51:57.013
starting worker pid=33618 on localhost:11061 at 21:51:57.030
starting worker pid=33612 on localhost:11061 at 21:51:57.037
starting worker pid=33615 on localhost:11061 at 21:51:57.043
starting worker pid=33632 on localhost:11061 at 21:51:57.048
starting worker pid=33634 on localhost:11061 at 21:51:57.051
starting worker pid=33599 on localhost:11061 at 21:51:57.070
starting worker pid=33616 on localhost:11061 at 21:51:57.078
starting worker pid=33630 on localhost:11061 at 21:51:57.079
starting worker pid=33639 on localhost:11061 at 21:51:57.081
starting worker pid=33611 on localhost:11061 at 21:51:57.087
starting worker pid=33645 on localhost:11061 at 21:51:57.089
starting worker pid=33597 on localhost:11061 at 21:51:57.096
starting worker pid=33647 on localhost:11061 at 21:51:57.097
starting worker pid=33617 on localhost:11061 at 21:51:57.100
starting worker pid=33604 on localhost:11061 at 21:51:57.105
starting worker pid=33602 on localhost:11061 at 21:51:57.106
starting worker pid=33637 on localhost:11061 at 21:51:57.114
starting worker pid=33614 on localhost:11061 at 21:51:57.119
starting worker pid=33640 on localhost:11061 at 21:51:57.121
starting worker pid=33624 on localhost:11061 at 21:51:57.124
starting worker pid=33635 on localhost:11061 at 21:51:57.132
starting worker pid=33646 on localhost:11061 at 21:51:57.132
starting worker pid=33644 on localhost:11061 at 21:51:57.134
starting worker pid=33605 on localhost:11061 at 21:51:57.136
starting worker pid=33626 on localhost:11061 at 21:51:57.136
starting worker pid=33642 on localhost:11061 at 21:51:57.138
starting worker pid=33629 on localhost:11061 at 21:51:57.139
starting worker pid=33613 on localhost:11061 at 21:51:57.141
starting worker pid=33627 on localhost:11061 at 21:51:57.142
starting worker pid=33619 on localhost:11061 at 21:51:57.143
starting worker pid=33625 on localhost:11061 at 21:51:57.143
starting worker pid=33609 on localhost:11061 at 21:51:57.143
starting worker pid=33621 on localhost:11061 at 21:51:57.147
starting worker pid=33622 on localhost:11061 at 21:51:57.158
starting worker pid=33633 on localhost:11061 at 21:51:57.158
starting worker pid=33641 on localhost:11061 at 21:51:57.159
starting worker pid=33643 on localhost:11061 at 21:51:57.159
starting worker pid=33620 on localhost:11061 at 21:51:57.160
starting worker pid=33631 on localhost:11061 at 21:51:57.168
starting worker pid=33628 on localhost:11061 at 21:51:57.170
starting worker pid=33598 on localhost:11061 at 21:51:57.170
starting worker pid=33593 on localhost:11061 at 21:51:57.171
starting worker pid=33608 on localhost:11061 at 21:51:57.176
starting worker pid=33600 on localhost:11061 at 21:51:57.180
starting worker pid=33601 on localhost:11061 at 21:51:57.182
starting worker pid=33607 on localhost:11061 at 21:51:57.218
starting worker pid=33636 on localhost:11061 at 21:51:57.304
starting worker pid=33610 on localhost:11061 at 21:51:57.349
starting worker pid=33606 on localhost:11061 at 21:51:57.358
[[1]]
 [1] "parallel"        "pulsar"          "PRROC"           "dplyr"          
 [5] "coda4microbiome" "stats"           "graphics"        "grDevices"      
 [9] "utils"           "datasets"        "methods"         "base"           

[[2]]
 [1] "parallel"        "pulsar"          "PRROC"           "dplyr"          
 [5] "coda4microbiome" "stats"           "graphics"        "grDevices"      
 [9] "utils"           "datasets"        "methods"         "base"           

[[3]]
 [1] "parallel"        "pulsar"          "PRROC"           "dplyr"          
 [5] "coda4microbiome" "stats"           "graphics"        "grDevices"      
 [9] "utils"           "datasets"        "methods"         "base"           

[[4]]
 [1] "parallel"        "pulsar"          "PRROC"           "dplyr"          
 [5] "coda4microbiome" "stats"           "graphics"        "grDevices"      
 [9] "utils"           "datasets"        "methods"         "base"           

[[5]]
 [1] "parallel"        "pulsar"          "PRROC"           "dplyr"          
 [5] "coda4microbiome" "stats"           "graphics"        "grDevices"      
 [9] "utils"           "datasets"        "methods"         "base"           

[[6]]
 [1] "parallel"        "pulsar"          "PRROC"           "dplyr"          
 [5] "coda4microbiome" "stats"           "graphics"        "grDevices"      
 [9] "utils"           "datasets"        "methods"         "base"           

[[7]]
 [1] "parallel"        "pulsar"          "PRROC"           "dplyr"          
 [5] "coda4microbiome" "stats"           "graphics"        "grDevices"      
 [9] "utils"           "datasets"        "methods"         "base"           

[[8]]
 [1] "parallel"        "pulsar"          "PRROC"           "dplyr"          
 [5] "coda4microbiome" "stats"           "graphics"        "grDevices"      
 [9] "utils"           "datasets"        "methods"         "base"           

[[9]]
 [1] "parallel"        "pulsar"          "PRROC"           "dplyr"          
 [5] "coda4microbiome" "stats"           "graphics"        "grDevices"      
 [9] "utils"           "datasets"        "methods"         "base"           

[[10]]
 [1] "parallel"        "pulsar"          "PRROC"           "dplyr"          
 [5] "coda4microbiome" "stats"           "graphics"        "grDevices"      
 [9] "utils"           "datasets"        "methods"         "base"           

[[11]]
 [1] "parallel"        "pulsar"          "PRROC"           "dplyr"          
 [5] "coda4microbiome" "stats"           "graphics"        "grDevices"      
 [9] "utils"           "datasets"        "methods"         "base"           

[[12]]
 [1] "parallel"        "pulsar"          "PRROC"           "dplyr"          
 [5] "coda4microbiome" "stats"           "graphics"        "grDevices"      
 [9] "utils"           "datasets"        "methods"         "base"           

[[13]]
 [1] "parallel"        "pulsar"          "PRROC"           "dplyr"          
 [5] "coda4microbiome" "stats"           "graphics"        "grDevices"      
 [9] "utils"           "datasets"        "methods"         "base"           

[[14]]
 [1] "parallel"        "pulsar"          "PRROC"           "dplyr"          
 [5] "coda4microbiome" "stats"           "graphics"        "grDevices"      
 [9] "utils"           "datasets"        "methods"         "base"           

[[15]]
 [1] "parallel"        "pulsar"          "PRROC"           "dplyr"          
 [5] "coda4microbiome" "stats"           "graphics"        "grDevices"      
 [9] "utils"           "datasets"        "methods"         "base"           

[[16]]
 [1] "parallel"        "pulsar"          "PRROC"           "dplyr"          
 [5] "coda4microbiome" "stats"           "graphics"        "grDevices"      
 [9] "utils"           "datasets"        "methods"         "base"           

[[17]]
 [1] "parallel"        "pulsar"          "PRROC"           "dplyr"          
 [5] "coda4microbiome" "stats"           "graphics"        "grDevices"      
 [9] "utils"           "datasets"        "methods"         "base"           

[[18]]
 [1] "parallel"        "pulsar"          "PRROC"           "dplyr"          
 [5] "coda4microbiome" "stats"           "graphics"        "grDevices"      
 [9] "utils"           "datasets"        "methods"         "base"           

[[19]]
 [1] "parallel"        "pulsar"          "PRROC"           "dplyr"          
 [5] "coda4microbiome" "stats"           "graphics"        "grDevices"      
 [9] "utils"           "datasets"        "methods"         "base"           

[[20]]
 [1] "parallel"        "pulsar"          "PRROC"           "dplyr"          
 [5] "coda4microbiome" "stats"           "graphics"        "grDevices"      
 [9] "utils"           "datasets"        "methods"         "base"           

[[21]]
 [1] "parallel"        "pulsar"          "PRROC"           "dplyr"          
 [5] "coda4microbiome" "stats"           "graphics"        "grDevices"      
 [9] "utils"           "datasets"        "methods"         "base"           

[[22]]
 [1] "parallel"        "pulsar"          "PRROC"           "dplyr"          
 [5] "coda4microbiome" "stats"           "graphics"        "grDevices"      
 [9] "utils"           "datasets"        "methods"         "base"           

[[23]]
 [1] "parallel"        "pulsar"          "PRROC"           "dplyr"          
 [5] "coda4microbiome" "stats"           "graphics"        "grDevices"      
 [9] "utils"           "datasets"        "methods"         "base"           

[[24]]
 [1] "parallel"        "pulsar"          "PRROC"           "dplyr"          
 [5] "coda4microbiome" "stats"           "graphics"        "grDevices"      
 [9] "utils"           "datasets"        "methods"         "base"           

[[25]]
 [1] "parallel"        "pulsar"          "PRROC"           "dplyr"          
 [5] "coda4microbiome" "stats"           "graphics"        "grDevices"      
 [9] "utils"           "datasets"        "methods"         "base"           

[[26]]
 [1] "parallel"        "pulsar"          "PRROC"           "dplyr"          
 [5] "coda4microbiome" "stats"           "graphics"        "grDevices"      
 [9] "utils"           "datasets"        "methods"         "base"           

[[27]]
 [1] "parallel"        "pulsar"          "PRROC"           "dplyr"          
 [5] "coda4microbiome" "stats"           "graphics"        "grDevices"      
 [9] "utils"           "datasets"        "methods"         "base"           

[[28]]
 [1] "parallel"        "pulsar"          "PRROC"           "dplyr"          
 [5] "coda4microbiome" "stats"           "graphics"        "grDevices"      
 [9] "utils"           "datasets"        "methods"         "base"           

[[29]]
 [1] "parallel"        "pulsar"          "PRROC"           "dplyr"          
 [5] "coda4microbiome" "stats"           "graphics"        "grDevices"      
 [9] "utils"           "datasets"        "methods"         "base"           

[[30]]
 [1] "parallel"        "pulsar"          "PRROC"           "dplyr"          
 [5] "coda4microbiome" "stats"           "graphics"        "grDevices"      
 [9] "utils"           "datasets"        "methods"         "base"           

[[31]]
 [1] "parallel"        "pulsar"          "PRROC"           "dplyr"          
 [5] "coda4microbiome" "stats"           "graphics"        "grDevices"      
 [9] "utils"           "datasets"        "methods"         "base"           

[[32]]
 [1] "parallel"        "pulsar"          "PRROC"           "dplyr"          
 [5] "coda4microbiome" "stats"           "graphics"        "grDevices"      
 [9] "utils"           "datasets"        "methods"         "base"           

[[33]]
 [1] "parallel"        "pulsar"          "PRROC"           "dplyr"          
 [5] "coda4microbiome" "stats"           "graphics"        "grDevices"      
 [9] "utils"           "datasets"        "methods"         "base"           

[[34]]
 [1] "parallel"        "pulsar"          "PRROC"           "dplyr"          
 [5] "coda4microbiome" "stats"           "graphics"        "grDevices"      
 [9] "utils"           "datasets"        "methods"         "base"           

[[35]]
 [1] "parallel"        "pulsar"          "PRROC"           "dplyr"          
 [5] "coda4microbiome" "stats"           "graphics"        "grDevices"      
 [9] "utils"           "datasets"        "methods"         "base"           

[[36]]
 [1] "parallel"        "pulsar"          "PRROC"           "dplyr"          
 [5] "coda4microbiome" "stats"           "graphics"        "grDevices"      
 [9] "utils"           "datasets"        "methods"         "base"           

[[37]]
 [1] "parallel"        "pulsar"          "PRROC"           "dplyr"          
 [5] "coda4microbiome" "stats"           "graphics"        "grDevices"      
 [9] "utils"           "datasets"        "methods"         "base"           

[[38]]
 [1] "parallel"        "pulsar"          "PRROC"           "dplyr"          
 [5] "coda4microbiome" "stats"           "graphics"        "grDevices"      
 [9] "utils"           "datasets"        "methods"         "base"           

[[39]]
 [1] "parallel"        "pulsar"          "PRROC"           "dplyr"          
 [5] "coda4microbiome" "stats"           "graphics"        "grDevices"      
 [9] "utils"           "datasets"        "methods"         "base"           

[[40]]
 [1] "parallel"        "pulsar"          "PRROC"           "dplyr"          
 [5] "coda4microbiome" "stats"           "graphics"        "grDevices"      
 [9] "utils"           "datasets"        "methods"         "base"           

[[41]]
 [1] "parallel"        "pulsar"          "PRROC"           "dplyr"          
 [5] "coda4microbiome" "stats"           "graphics"        "grDevices"      
 [9] "utils"           "datasets"        "methods"         "base"           

[[42]]
 [1] "parallel"        "pulsar"          "PRROC"           "dplyr"          
 [5] "coda4microbiome" "stats"           "graphics"        "grDevices"      
 [9] "utils"           "datasets"        "methods"         "base"           

[[43]]
 [1] "parallel"        "pulsar"          "PRROC"           "dplyr"          
 [5] "coda4microbiome" "stats"           "graphics"        "grDevices"      
 [9] "utils"           "datasets"        "methods"         "base"           

[[44]]
 [1] "parallel"        "pulsar"          "PRROC"           "dplyr"          
 [5] "coda4microbiome" "stats"           "graphics"        "grDevices"      
 [9] "utils"           "datasets"        "methods"         "base"           

[[45]]
 [1] "parallel"        "pulsar"          "PRROC"           "dplyr"          
 [5] "coda4microbiome" "stats"           "graphics"        "grDevices"      
 [9] "utils"           "datasets"        "methods"         "base"           

[[46]]
 [1] "parallel"        "pulsar"          "PRROC"           "dplyr"          
 [5] "coda4microbiome" "stats"           "graphics"        "grDevices"      
 [9] "utils"           "datasets"        "methods"         "base"           

[[47]]
 [1] "parallel"        "pulsar"          "PRROC"           "dplyr"          
 [5] "coda4microbiome" "stats"           "graphics"        "grDevices"      
 [9] "utils"           "datasets"        "methods"         "base"           

[[48]]
 [1] "parallel"        "pulsar"          "PRROC"           "dplyr"          
 [5] "coda4microbiome" "stats"           "graphics"        "grDevices"      
 [9] "utils"           "datasets"        "methods"         "base"           

[[49]]
 [1] "parallel"        "pulsar"          "PRROC"           "dplyr"          
 [5] "coda4microbiome" "stats"           "graphics"        "grDevices"      
 [9] "utils"           "datasets"        "methods"         "base"           

[[50]]
 [1] "parallel"        "pulsar"          "PRROC"           "dplyr"          
 [5] "coda4microbiome" "stats"           "graphics"        "grDevices"      
 [9] "utils"           "datasets"        "methods"         "base"           

[[51]]
 [1] "parallel"        "pulsar"          "PRROC"           "dplyr"          
 [5] "coda4microbiome" "stats"           "graphics"        "grDevices"      
 [9] "utils"           "datasets"        "methods"         "base"           

[[52]]
 [1] "parallel"        "pulsar"          "PRROC"           "dplyr"          
 [5] "coda4microbiome" "stats"           "graphics"        "grDevices"      
 [9] "utils"           "datasets"        "methods"         "base"           

[[53]]
 [1] "parallel"        "pulsar"          "PRROC"           "dplyr"          
 [5] "coda4microbiome" "stats"           "graphics"        "grDevices"      
 [9] "utils"           "datasets"        "methods"         "base"           

[[54]]
 [1] "parallel"        "pulsar"          "PRROC"           "dplyr"          
 [5] "coda4microbiome" "stats"           "graphics"        "grDevices"      
 [9] "utils"           "datasets"        "methods"         "base"           

[[55]]
 [1] "parallel"        "pulsar"          "PRROC"           "dplyr"          
 [5] "coda4microbiome" "stats"           "graphics"        "grDevices"      
 [9] "utils"           "datasets"        "methods"         "base"           

