starting worker pid=5606 on localhost:11375 at 10:35:47.582
starting worker pid=5572 on localhost:11375 at 10:35:47.594
starting worker pid=5598 on localhost:11375 at 10:35:47.631
starting worker pid=5573 on localhost:11375 at 10:35:47.665
starting worker pid=5595 on localhost:11375 at 10:35:47.667
starting worker pid=5601 on localhost:11375 at 10:35:47.672
starting worker pid=5612 on localhost:11375 at 10:35:47.677
starting worker pid=5605 on localhost:11375 at 10:35:47.689
starting worker pid=5600 on localhost:11375 at 10:35:47.720
starting worker pid=5609 on localhost:11375 at 10:35:47.738
starting worker pid=5614 on localhost:11375 at 10:35:47.744
starting worker pid=5570 on localhost:11375 at 10:35:47.754
starting worker pid=5586 on localhost:11375 at 10:35:47.759
starting worker pid=5597 on localhost:11375 at 10:35:47.773
starting worker pid=5577 on localhost:11375 at 10:35:47.785
starting worker pid=5602 on localhost:11375 at 10:35:47.786
starting worker pid=5620 on localhost:11375 at 10:35:47.787
starting worker pid=5592 on localhost:11375 at 10:35:47.793
starting worker pid=5615 on localhost:11375 at 10:35:47.793
starting worker pid=5574 on localhost:11375 at 10:35:47.795
starting worker pid=5566 on localhost:11375 at 10:35:47.804
starting worker pid=5587 on localhost:11375 at 10:35:47.804
starting worker pid=5599 on localhost:11375 at 10:35:47.804
starting worker pid=5591 on localhost:11375 at 10:35:47.806
starting worker pid=5580 on localhost:11375 at 10:35:47.812
starting worker pid=5575 on localhost:11375 at 10:35:47.821
starting worker pid=5579 on localhost:11375 at 10:35:47.822
starting worker pid=5603 on localhost:11375 at 10:35:47.827
starting worker pid=5608 on localhost:11375 at 10:35:47.838
starting worker pid=5584 on localhost:11375 at 10:35:47.840
starting worker pid=5613 on localhost:11375 at 10:35:47.845
starting worker pid=5596 on localhost:11375 at 10:35:47.846
starting worker pid=5604 on localhost:11375 at 10:35:47.851
starting worker pid=5588 on localhost:11375 at 10:35:47.858
starting worker pid=5569 on localhost:11375 at 10:35:47.859
starting worker pid=5590 on localhost:11375 at 10:35:47.862
starting worker pid=5571 on localhost:11375 at 10:35:47.863
starting worker pid=5589 on localhost:11375 at 10:35:47.863
starting worker pid=5610 on localhost:11375 at 10:35:47.864
starting worker pid=5619 on localhost:11375 at 10:35:47.864
starting worker pid=5576 on localhost:11375 at 10:35:47.868
starting worker pid=5582 on localhost:11375 at 10:35:47.873
starting worker pid=5583 on localhost:11375 at 10:35:47.875
starting worker pid=5594 on localhost:11375 at 10:35:47.876
starting worker pid=5567 on localhost:11375 at 10:35:47.877
starting worker pid=5578 on localhost:11375 at 10:35:47.881
starting worker pid=5611 on localhost:11375 at 10:35:47.884
starting worker pid=5618 on localhost:11375 at 10:35:47.884
starting worker pid=5585 on localhost:11375 at 10:35:47.908
starting worker pid=5568 on localhost:11375 at 10:35:47.943
starting worker pid=5593 on localhost:11375 at 10:35:47.971
starting worker pid=5581 on localhost:11375 at 10:35:48.029
starting worker pid=5607 on localhost:11375 at 10:35:48.061
starting worker pid=5616 on localhost:11375 at 10:35:48.077
starting worker pid=5617 on localhost:11375 at 10:35:48.077
[[1]]
 [1] "parallel"        "pulsar"          "PRROC"           "coda4microbiome"
 [5] "stats"           "graphics"        "grDevices"       "utils"          
 [9] "datasets"        "methods"         "base"           

[[2]]
 [1] "parallel"        "pulsar"          "PRROC"           "coda4microbiome"
 [5] "stats"           "graphics"        "grDevices"       "utils"          
 [9] "datasets"        "methods"         "base"           

[[3]]
 [1] "parallel"        "pulsar"          "PRROC"           "coda4microbiome"
 [5] "stats"           "graphics"        "grDevices"       "utils"          
 [9] "datasets"        "methods"         "base"           

[[4]]
 [1] "parallel"        "pulsar"          "PRROC"           "coda4microbiome"
 [5] "stats"           "graphics"        "grDevices"       "utils"          
 [9] "datasets"        "methods"         "base"           

[[5]]
 [1] "parallel"        "pulsar"          "PRROC"           "coda4microbiome"
 [5] "stats"           "graphics"        "grDevices"       "utils"          
 [9] "datasets"        "methods"         "base"           

[[6]]
 [1] "parallel"        "pulsar"          "PRROC"           "coda4microbiome"
 [5] "stats"           "graphics"        "grDevices"       "utils"          
 [9] "datasets"        "methods"         "base"           

[[7]]
 [1] "parallel"        "pulsar"          "PRROC"           "coda4microbiome"
 [5] "stats"           "graphics"        "grDevices"       "utils"          
 [9] "datasets"        "methods"         "base"           

[[8]]
 [1] "parallel"        "pulsar"          "PRROC"           "coda4microbiome"
 [5] "stats"           "graphics"        "grDevices"       "utils"          
 [9] "datasets"        "methods"         "base"           

[[9]]
 [1] "parallel"        "pulsar"          "PRROC"           "coda4microbiome"
 [5] "stats"           "graphics"        "grDevices"       "utils"          
 [9] "datasets"        "methods"         "base"           

[[10]]
 [1] "parallel"        "pulsar"          "PRROC"           "coda4microbiome"
 [5] "stats"           "graphics"        "grDevices"       "utils"          
 [9] "datasets"        "methods"         "base"           

[[11]]
 [1] "parallel"        "pulsar"          "PRROC"           "coda4microbiome"
 [5] "stats"           "graphics"        "grDevices"       "utils"          
 [9] "datasets"        "methods"         "base"           

[[12]]
 [1] "parallel"        "pulsar"          "PRROC"           "coda4microbiome"
 [5] "stats"           "graphics"        "grDevices"       "utils"          
 [9] "datasets"        "methods"         "base"           

[[13]]
 [1] "parallel"        "pulsar"          "PRROC"           "coda4microbiome"
 [5] "stats"           "graphics"        "grDevices"       "utils"          
 [9] "datasets"        "methods"         "base"           

[[14]]
 [1] "parallel"        "pulsar"          "PRROC"           "coda4microbiome"
 [5] "stats"           "graphics"        "grDevices"       "utils"          
 [9] "datasets"        "methods"         "base"           

[[15]]
 [1] "parallel"        "pulsar"          "PRROC"           "coda4microbiome"
 [5] "stats"           "graphics"        "grDevices"       "utils"          
 [9] "datasets"        "methods"         "base"           

[[16]]
 [1] "parallel"        "pulsar"          "PRROC"           "coda4microbiome"
 [5] "stats"           "graphics"        "grDevices"       "utils"          
 [9] "datasets"        "methods"         "base"           

[[17]]
 [1] "parallel"        "pulsar"          "PRROC"           "coda4microbiome"
 [5] "stats"           "graphics"        "grDevices"       "utils"          
 [9] "datasets"        "methods"         "base"           

[[18]]
 [1] "parallel"        "pulsar"          "PRROC"           "coda4microbiome"
 [5] "stats"           "graphics"        "grDevices"       "utils"          
 [9] "datasets"        "methods"         "base"           

[[19]]
 [1] "parallel"        "pulsar"          "PRROC"           "coda4microbiome"
 [5] "stats"           "graphics"        "grDevices"       "utils"          
 [9] "datasets"        "methods"         "base"           

[[20]]
 [1] "parallel"        "pulsar"          "PRROC"           "coda4microbiome"
 [5] "stats"           "graphics"        "grDevices"       "utils"          
 [9] "datasets"        "methods"         "base"           

[[21]]
 [1] "parallel"        "pulsar"          "PRROC"           "coda4microbiome"
 [5] "stats"           "graphics"        "grDevices"       "utils"          
 [9] "datasets"        "methods"         "base"           

[[22]]
 [1] "parallel"        "pulsar"          "PRROC"           "coda4microbiome"
 [5] "stats"           "graphics"        "grDevices"       "utils"          
 [9] "datasets"        "methods"         "base"           

[[23]]
 [1] "parallel"        "pulsar"          "PRROC"           "coda4microbiome"
 [5] "stats"           "graphics"        "grDevices"       "utils"          
 [9] "datasets"        "methods"         "base"           

[[24]]
 [1] "parallel"        "pulsar"          "PRROC"           "coda4microbiome"
 [5] "stats"           "graphics"        "grDevices"       "utils"          
 [9] "datasets"        "methods"         "base"           

[[25]]
 [1] "parallel"        "pulsar"          "PRROC"           "coda4microbiome"
 [5] "stats"           "graphics"        "grDevices"       "utils"          
 [9] "datasets"        "methods"         "base"           

[[26]]
 [1] "parallel"        "pulsar"          "PRROC"           "coda4microbiome"
 [5] "stats"           "graphics"        "grDevices"       "utils"          
 [9] "datasets"        "methods"         "base"           

[[27]]
 [1] "parallel"        "pulsar"          "PRROC"           "coda4microbiome"
 [5] "stats"           "graphics"        "grDevices"       "utils"          
 [9] "datasets"        "methods"         "base"           

[[28]]
 [1] "parallel"        "pulsar"          "PRROC"           "coda4microbiome"
 [5] "stats"           "graphics"        "grDevices"       "utils"          
 [9] "datasets"        "methods"         "base"           

[[29]]
 [1] "parallel"        "pulsar"          "PRROC"           "coda4microbiome"
 [5] "stats"           "graphics"        "grDevices"       "utils"          
 [9] "datasets"        "methods"         "base"           

[[30]]
 [1] "parallel"        "pulsar"          "PRROC"           "coda4microbiome"
 [5] "stats"           "graphics"        "grDevices"       "utils"          
 [9] "datasets"        "methods"         "base"           

[[31]]
 [1] "parallel"        "pulsar"          "PRROC"           "coda4microbiome"
 [5] "stats"           "graphics"        "grDevices"       "utils"          
 [9] "datasets"        "methods"         "base"           

[[32]]
 [1] "parallel"        "pulsar"          "PRROC"           "coda4microbiome"
 [5] "stats"           "graphics"        "grDevices"       "utils"          
 [9] "datasets"        "methods"         "base"           

[[33]]
 [1] "parallel"        "pulsar"          "PRROC"           "coda4microbiome"
 [5] "stats"           "graphics"        "grDevices"       "utils"          
 [9] "datasets"        "methods"         "base"           

[[34]]
 [1] "parallel"        "pulsar"          "PRROC"           "coda4microbiome"
 [5] "stats"           "graphics"        "grDevices"       "utils"          
 [9] "datasets"        "methods"         "base"           

[[35]]
 [1] "parallel"        "pulsar"          "PRROC"           "coda4microbiome"
 [5] "stats"           "graphics"        "grDevices"       "utils"          
 [9] "datasets"        "methods"         "base"           

[[36]]
 [1] "parallel"        "pulsar"          "PRROC"           "coda4microbiome"
 [5] "stats"           "graphics"        "grDevices"       "utils"          
 [9] "datasets"        "methods"         "base"           

[[37]]
 [1] "parallel"        "pulsar"          "PRROC"           "coda4microbiome"
 [5] "stats"           "graphics"        "grDevices"       "utils"          
 [9] "datasets"        "methods"         "base"           

[[38]]
 [1] "parallel"        "pulsar"          "PRROC"           "coda4microbiome"
 [5] "stats"           "graphics"        "grDevices"       "utils"          
 [9] "datasets"        "methods"         "base"           

[[39]]
 [1] "parallel"        "pulsar"          "PRROC"           "coda4microbiome"
 [5] "stats"           "graphics"        "grDevices"       "utils"          
 [9] "datasets"        "methods"         "base"           

[[40]]
 [1] "parallel"        "pulsar"          "PRROC"           "coda4microbiome"
 [5] "stats"           "graphics"        "grDevices"       "utils"          
 [9] "datasets"        "methods"         "base"           

[[41]]
 [1] "parallel"        "pulsar"          "PRROC"           "coda4microbiome"
 [5] "stats"           "graphics"        "grDevices"       "utils"          
 [9] "datasets"        "methods"         "base"           

[[42]]
 [1] "parallel"        "pulsar"          "PRROC"           "coda4microbiome"
 [5] "stats"           "graphics"        "grDevices"       "utils"          
 [9] "datasets"        "methods"         "base"           

[[43]]
 [1] "parallel"        "pulsar"          "PRROC"           "coda4microbiome"
 [5] "stats"           "graphics"        "grDevices"       "utils"          
 [9] "datasets"        "methods"         "base"           

[[44]]
 [1] "parallel"        "pulsar"          "PRROC"           "coda4microbiome"
 [5] "stats"           "graphics"        "grDevices"       "utils"          
 [9] "datasets"        "methods"         "base"           

[[45]]
 [1] "parallel"        "pulsar"          "PRROC"           "coda4microbiome"
 [5] "stats"           "graphics"        "grDevices"       "utils"          
 [9] "datasets"        "methods"         "base"           

[[46]]
 [1] "parallel"        "pulsar"          "PRROC"           "coda4microbiome"
 [5] "stats"           "graphics"        "grDevices"       "utils"          
 [9] "datasets"        "methods"         "base"           

[[47]]
 [1] "parallel"        "pulsar"          "PRROC"           "coda4microbiome"
 [5] "stats"           "graphics"        "grDevices"       "utils"          
 [9] "datasets"        "methods"         "base"           

[[48]]
 [1] "parallel"        "pulsar"          "PRROC"           "coda4microbiome"
 [5] "stats"           "graphics"        "grDevices"       "utils"          
 [9] "datasets"        "methods"         "base"           

[[49]]
 [1] "parallel"        "pulsar"          "PRROC"           "coda4microbiome"
 [5] "stats"           "graphics"        "grDevices"       "utils"          
 [9] "datasets"        "methods"         "base"           

[[50]]
 [1] "parallel"        "pulsar"          "PRROC"           "coda4microbiome"
 [5] "stats"           "graphics"        "grDevices"       "utils"          
 [9] "datasets"        "methods"         "base"           

[[51]]
 [1] "parallel"        "pulsar"          "PRROC"           "coda4microbiome"
 [5] "stats"           "graphics"        "grDevices"       "utils"          
 [9] "datasets"        "methods"         "base"           

[[52]]
 [1] "parallel"        "pulsar"          "PRROC"           "coda4microbiome"
 [5] "stats"           "graphics"        "grDevices"       "utils"          
 [9] "datasets"        "methods"         "base"           

[[53]]
 [1] "parallel"        "pulsar"          "PRROC"           "coda4microbiome"
 [5] "stats"           "graphics"        "grDevices"       "utils"          
 [9] "datasets"        "methods"         "base"           

[[54]]
 [1] "parallel"        "pulsar"          "PRROC"           "coda4microbiome"
 [5] "stats"           "graphics"        "grDevices"       "utils"          
 [9] "datasets"        "methods"         "base"           

[[55]]
 [1] "parallel"        "pulsar"          "PRROC"           "coda4microbiome"
 [5] "stats"           "graphics"        "grDevices"       "utils"          
 [9] "datasets"        "methods"         "base"           

