starting worker pid=32603 on localhost:11129 at 21:50:59.031
starting worker pid=32589 on localhost:11129 at 21:50:59.208
starting worker pid=32598 on localhost:11129 at 21:50:59.212
starting worker pid=32624 on localhost:11129 at 21:50:59.242
starting worker pid=32611 on localhost:11129 at 21:50:59.253
starting worker pid=32618 on localhost:11129 at 21:50:59.273
starting worker pid=32604 on localhost:11129 at 21:50:59.279
starting worker pid=32613 on localhost:11129 at 21:50:59.292
starting worker pid=32630 on localhost:11129 at 21:50:59.293
starting worker pid=32592 on localhost:11129 at 21:50:59.294
starting worker pid=32599 on localhost:11129 at 21:50:59.300
starting worker pid=32637 on localhost:11129 at 21:50:59.312
starting worker pid=32625 on localhost:11129 at 21:50:59.335
starting worker pid=32609 on localhost:11129 at 21:50:59.336
starting worker pid=32606 on localhost:11129 at 21:50:59.343
starting worker pid=32614 on localhost:11129 at 21:50:59.345
starting worker pid=32600 on localhost:11129 at 21:50:59.352
starting worker pid=32594 on localhost:11129 at 21:50:59.358
starting worker pid=32595 on localhost:11129 at 21:50:59.362
starting worker pid=32612 on localhost:11129 at 21:50:59.365
starting worker pid=32591 on localhost:11129 at 21:50:59.374
starting worker pid=32588 on localhost:11129 at 21:50:59.378
starting worker pid=32610 on localhost:11129 at 21:50:59.380
starting worker pid=32622 on localhost:11129 at 21:50:59.388
starting worker pid=32633 on localhost:11129 at 21:50:59.389
starting worker pid=32629 on localhost:11129 at 21:50:59.390
starting worker pid=32632 on localhost:11129 at 21:50:59.391
starting worker pid=32602 on localhost:11129 at 21:50:59.391
starting worker pid=32636 on localhost:11129 at 21:50:59.392
starting worker pid=32619 on localhost:11129 at 21:50:59.394
starting worker pid=32586 on localhost:11129 at 21:50:59.399
starting worker pid=32590 on localhost:11129 at 21:50:59.403
starting worker pid=32616 on localhost:11129 at 21:50:59.403
starting worker pid=32635 on localhost:11129 at 21:50:59.406
starting worker pid=32626 on localhost:11129 at 21:50:59.412
starting worker pid=32596 on localhost:11129 at 21:50:59.417
starting worker pid=32587 on localhost:11129 at 21:50:59.422
starting worker pid=32631 on localhost:11129 at 21:50:59.423
starting worker pid=32620 on localhost:11129 at 21:50:59.423
starting worker pid=32608 on localhost:11129 at 21:50:59.425
starting worker pid=32634 on localhost:11129 at 21:50:59.425
starting worker pid=32615 on localhost:11129 at 21:50:59.426
starting worker pid=32605 on localhost:11129 at 21:50:59.427
starting worker pid=32621 on localhost:11129 at 21:50:59.427
starting worker pid=32617 on localhost:11129 at 21:50:59.427
starting worker pid=32593 on localhost:11129 at 21:50:59.433
starting worker pid=32628 on localhost:11129 at 21:50:59.442
starting worker pid=32607 on localhost:11129 at 21:50:59.442
starting worker pid=32623 on localhost:11129 at 21:50:59.444
starting worker pid=32585 on localhost:11129 at 21:50:59.446
starting worker pid=32638 on localhost:11129 at 21:50:59.447
starting worker pid=32597 on localhost:11129 at 21:50:59.447
starting worker pid=32601 on localhost:11129 at 21:50:59.453
starting worker pid=32627 on localhost:11129 at 21:50:59.455
starting worker pid=32584 on localhost:11129 at 21:50:59.468
[[1]]
 [1] "parallel"        "pulsar"          "PRROC"           "dplyr"          
 [5] "coda4microbiome" "stats"           "graphics"        "grDevices"      
 [9] "utils"           "datasets"        "methods"         "base"           

[[2]]
 [1] "parallel"        "pulsar"          "PRROC"           "dplyr"          
 [5] "coda4microbiome" "stats"           "graphics"        "grDevices"      
 [9] "utils"           "datasets"        "methods"         "base"           

[[3]]
 [1] "parallel"        "pulsar"          "PRROC"           "dplyr"          
 [5] "coda4microbiome" "stats"           "graphics"        "grDevices"      
 [9] "utils"           "datasets"        "methods"         "base"           

[[4]]
 [1] "parallel"        "pulsar"          "PRROC"           "dplyr"          
 [5] "coda4microbiome" "stats"           "graphics"        "grDevices"      
 [9] "utils"           "datasets"        "methods"         "base"           

[[5]]
 [1] "parallel"        "pulsar"          "PRROC"           "dplyr"          
 [5] "coda4microbiome" "stats"           "graphics"        "grDevices"      
 [9] "utils"           "datasets"        "methods"         "base"           

[[6]]
 [1] "parallel"        "pulsar"          "PRROC"           "dplyr"          
 [5] "coda4microbiome" "stats"           "graphics"        "grDevices"      
 [9] "utils"           "datasets"        "methods"         "base"           

[[7]]
 [1] "parallel"        "pulsar"          "PRROC"           "dplyr"          
 [5] "coda4microbiome" "stats"           "graphics"        "grDevices"      
 [9] "utils"           "datasets"        "methods"         "base"           

[[8]]
 [1] "parallel"        "pulsar"          "PRROC"           "dplyr"          
 [5] "coda4microbiome" "stats"           "graphics"        "grDevices"      
 [9] "utils"           "datasets"        "methods"         "base"           

[[9]]
 [1] "parallel"        "pulsar"          "PRROC"           "dplyr"          
 [5] "coda4microbiome" "stats"           "graphics"        "grDevices"      
 [9] "utils"           "datasets"        "methods"         "base"           

[[10]]
 [1] "parallel"        "pulsar"          "PRROC"           "dplyr"          
 [5] "coda4microbiome" "stats"           "graphics"        "grDevices"      
 [9] "utils"           "datasets"        "methods"         "base"           

[[11]]
 [1] "parallel"        "pulsar"          "PRROC"           "dplyr"          
 [5] "coda4microbiome" "stats"           "graphics"        "grDevices"      
 [9] "utils"           "datasets"        "methods"         "base"           

[[12]]
 [1] "parallel"        "pulsar"          "PRROC"           "dplyr"          
 [5] "coda4microbiome" "stats"           "graphics"        "grDevices"      
 [9] "utils"           "datasets"        "methods"         "base"           

[[13]]
 [1] "parallel"        "pulsar"          "PRROC"           "dplyr"          
 [5] "coda4microbiome" "stats"           "graphics"        "grDevices"      
 [9] "utils"           "datasets"        "methods"         "base"           

[[14]]
 [1] "parallel"        "pulsar"          "PRROC"           "dplyr"          
 [5] "coda4microbiome" "stats"           "graphics"        "grDevices"      
 [9] "utils"           "datasets"        "methods"         "base"           

[[15]]
 [1] "parallel"        "pulsar"          "PRROC"           "dplyr"          
 [5] "coda4microbiome" "stats"           "graphics"        "grDevices"      
 [9] "utils"           "datasets"        "methods"         "base"           

[[16]]
 [1] "parallel"        "pulsar"          "PRROC"           "dplyr"          
 [5] "coda4microbiome" "stats"           "graphics"        "grDevices"      
 [9] "utils"           "datasets"        "methods"         "base"           

[[17]]
 [1] "parallel"        "pulsar"          "PRROC"           "dplyr"          
 [5] "coda4microbiome" "stats"           "graphics"        "grDevices"      
 [9] "utils"           "datasets"        "methods"         "base"           

[[18]]
 [1] "parallel"        "pulsar"          "PRROC"           "dplyr"          
 [5] "coda4microbiome" "stats"           "graphics"        "grDevices"      
 [9] "utils"           "datasets"        "methods"         "base"           

[[19]]
 [1] "parallel"        "pulsar"          "PRROC"           "dplyr"          
 [5] "coda4microbiome" "stats"           "graphics"        "grDevices"      
 [9] "utils"           "datasets"        "methods"         "base"           

[[20]]
 [1] "parallel"        "pulsar"          "PRROC"           "dplyr"          
 [5] "coda4microbiome" "stats"           "graphics"        "grDevices"      
 [9] "utils"           "datasets"        "methods"         "base"           

[[21]]
 [1] "parallel"        "pulsar"          "PRROC"           "dplyr"          
 [5] "coda4microbiome" "stats"           "graphics"        "grDevices"      
 [9] "utils"           "datasets"        "methods"         "base"           

[[22]]
 [1] "parallel"        "pulsar"          "PRROC"           "dplyr"          
 [5] "coda4microbiome" "stats"           "graphics"        "grDevices"      
 [9] "utils"           "datasets"        "methods"         "base"           

[[23]]
 [1] "parallel"        "pulsar"          "PRROC"           "dplyr"          
 [5] "coda4microbiome" "stats"           "graphics"        "grDevices"      
 [9] "utils"           "datasets"        "methods"         "base"           

[[24]]
 [1] "parallel"        "pulsar"          "PRROC"           "dplyr"          
 [5] "coda4microbiome" "stats"           "graphics"        "grDevices"      
 [9] "utils"           "datasets"        "methods"         "base"           

[[25]]
 [1] "parallel"        "pulsar"          "PRROC"           "dplyr"          
 [5] "coda4microbiome" "stats"           "graphics"        "grDevices"      
 [9] "utils"           "datasets"        "methods"         "base"           

[[26]]
 [1] "parallel"        "pulsar"          "PRROC"           "dplyr"          
 [5] "coda4microbiome" "stats"           "graphics"        "grDevices"      
 [9] "utils"           "datasets"        "methods"         "base"           

[[27]]
 [1] "parallel"        "pulsar"          "PRROC"           "dplyr"          
 [5] "coda4microbiome" "stats"           "graphics"        "grDevices"      
 [9] "utils"           "datasets"        "methods"         "base"           

[[28]]
 [1] "parallel"        "pulsar"          "PRROC"           "dplyr"          
 [5] "coda4microbiome" "stats"           "graphics"        "grDevices"      
 [9] "utils"           "datasets"        "methods"         "base"           

[[29]]
 [1] "parallel"        "pulsar"          "PRROC"           "dplyr"          
 [5] "coda4microbiome" "stats"           "graphics"        "grDevices"      
 [9] "utils"           "datasets"        "methods"         "base"           

[[30]]
 [1] "parallel"        "pulsar"          "PRROC"           "dplyr"          
 [5] "coda4microbiome" "stats"           "graphics"        "grDevices"      
 [9] "utils"           "datasets"        "methods"         "base"           

[[31]]
 [1] "parallel"        "pulsar"          "PRROC"           "dplyr"          
 [5] "coda4microbiome" "stats"           "graphics"        "grDevices"      
 [9] "utils"           "datasets"        "methods"         "base"           

[[32]]
 [1] "parallel"        "pulsar"          "PRROC"           "dplyr"          
 [5] "coda4microbiome" "stats"           "graphics"        "grDevices"      
 [9] "utils"           "datasets"        "methods"         "base"           

[[33]]
 [1] "parallel"        "pulsar"          "PRROC"           "dplyr"          
 [5] "coda4microbiome" "stats"           "graphics"        "grDevices"      
 [9] "utils"           "datasets"        "methods"         "base"           

[[34]]
 [1] "parallel"        "pulsar"          "PRROC"           "dplyr"          
 [5] "coda4microbiome" "stats"           "graphics"        "grDevices"      
 [9] "utils"           "datasets"        "methods"         "base"           

[[35]]
 [1] "parallel"        "pulsar"          "PRROC"           "dplyr"          
 [5] "coda4microbiome" "stats"           "graphics"        "grDevices"      
 [9] "utils"           "datasets"        "methods"         "base"           

[[36]]
 [1] "parallel"        "pulsar"          "PRROC"           "dplyr"          
 [5] "coda4microbiome" "stats"           "graphics"        "grDevices"      
 [9] "utils"           "datasets"        "methods"         "base"           

[[37]]
 [1] "parallel"        "pulsar"          "PRROC"           "dplyr"          
 [5] "coda4microbiome" "stats"           "graphics"        "grDevices"      
 [9] "utils"           "datasets"        "methods"         "base"           

[[38]]
 [1] "parallel"        "pulsar"          "PRROC"           "dplyr"          
 [5] "coda4microbiome" "stats"           "graphics"        "grDevices"      
 [9] "utils"           "datasets"        "methods"         "base"           

[[39]]
 [1] "parallel"        "pulsar"          "PRROC"           "dplyr"          
 [5] "coda4microbiome" "stats"           "graphics"        "grDevices"      
 [9] "utils"           "datasets"        "methods"         "base"           

[[40]]
 [1] "parallel"        "pulsar"          "PRROC"           "dplyr"          
 [5] "coda4microbiome" "stats"           "graphics"        "grDevices"      
 [9] "utils"           "datasets"        "methods"         "base"           

[[41]]
 [1] "parallel"        "pulsar"          "PRROC"           "dplyr"          
 [5] "coda4microbiome" "stats"           "graphics"        "grDevices"      
 [9] "utils"           "datasets"        "methods"         "base"           

[[42]]
 [1] "parallel"        "pulsar"          "PRROC"           "dplyr"          
 [5] "coda4microbiome" "stats"           "graphics"        "grDevices"      
 [9] "utils"           "datasets"        "methods"         "base"           

[[43]]
 [1] "parallel"        "pulsar"          "PRROC"           "dplyr"          
 [5] "coda4microbiome" "stats"           "graphics"        "grDevices"      
 [9] "utils"           "datasets"        "methods"         "base"           

[[44]]
 [1] "parallel"        "pulsar"          "PRROC"           "dplyr"          
 [5] "coda4microbiome" "stats"           "graphics"        "grDevices"      
 [9] "utils"           "datasets"        "methods"         "base"           

[[45]]
 [1] "parallel"        "pulsar"          "PRROC"           "dplyr"          
 [5] "coda4microbiome" "stats"           "graphics"        "grDevices"      
 [9] "utils"           "datasets"        "methods"         "base"           

[[46]]
 [1] "parallel"        "pulsar"          "PRROC"           "dplyr"          
 [5] "coda4microbiome" "stats"           "graphics"        "grDevices"      
 [9] "utils"           "datasets"        "methods"         "base"           

[[47]]
 [1] "parallel"        "pulsar"          "PRROC"           "dplyr"          
 [5] "coda4microbiome" "stats"           "graphics"        "grDevices"      
 [9] "utils"           "datasets"        "methods"         "base"           

[[48]]
 [1] "parallel"        "pulsar"          "PRROC"           "dplyr"          
 [5] "coda4microbiome" "stats"           "graphics"        "grDevices"      
 [9] "utils"           "datasets"        "methods"         "base"           

[[49]]
 [1] "parallel"        "pulsar"          "PRROC"           "dplyr"          
 [5] "coda4microbiome" "stats"           "graphics"        "grDevices"      
 [9] "utils"           "datasets"        "methods"         "base"           

[[50]]
 [1] "parallel"        "pulsar"          "PRROC"           "dplyr"          
 [5] "coda4microbiome" "stats"           "graphics"        "grDevices"      
 [9] "utils"           "datasets"        "methods"         "base"           

[[51]]
 [1] "parallel"        "pulsar"          "PRROC"           "dplyr"          
 [5] "coda4microbiome" "stats"           "graphics"        "grDevices"      
 [9] "utils"           "datasets"        "methods"         "base"           

[[52]]
 [1] "parallel"        "pulsar"          "PRROC"           "dplyr"          
 [5] "coda4microbiome" "stats"           "graphics"        "grDevices"      
 [9] "utils"           "datasets"        "methods"         "base"           

[[53]]
 [1] "parallel"        "pulsar"          "PRROC"           "dplyr"          
 [5] "coda4microbiome" "stats"           "graphics"        "grDevices"      
 [9] "utils"           "datasets"        "methods"         "base"           

[[54]]
 [1] "parallel"        "pulsar"          "PRROC"           "dplyr"          
 [5] "coda4microbiome" "stats"           "graphics"        "grDevices"      
 [9] "utils"           "datasets"        "methods"         "base"           

[[55]]
 [1] "parallel"        "pulsar"          "PRROC"           "dplyr"          
 [5] "coda4microbiome" "stats"           "graphics"        "grDevices"      
 [9] "utils"           "datasets"        "methods"         "base"           

