starting worker pid=10008 on localhost:11020 at 10:03:05.174
starting worker pid=9999 on localhost:11020 at 10:03:05.276
starting worker pid=10001 on localhost:11020 at 10:03:05.305
starting worker pid=10017 on localhost:11020 at 10:03:05.367
starting worker pid=10030 on localhost:11020 at 10:03:05.377
starting worker pid=10004 on localhost:11020 at 10:03:05.410
starting worker pid=10043 on localhost:11020 at 10:03:05.416
starting worker pid=10015 on localhost:11020 at 10:03:05.422
starting worker pid=10019 on localhost:11020 at 10:03:05.429
starting worker pid=9990 on localhost:11020 at 10:03:05.437
starting worker pid=10029 on localhost:11020 at 10:03:05.440
starting worker pid=10021 on localhost:11020 at 10:03:05.452
starting worker pid=10007 on localhost:11020 at 10:03:05.453
starting worker pid=9998 on localhost:11020 at 10:03:05.456
starting worker pid=10026 on localhost:11020 at 10:03:05.458
starting worker pid=10036 on localhost:11020 at 10:03:05.466
starting worker pid=10013 on localhost:11020 at 10:03:05.468
starting worker pid=9995 on localhost:11020 at 10:03:05.469
starting worker pid=10032 on localhost:11020 at 10:03:05.480
starting worker pid=10034 on localhost:11020 at 10:03:05.481
starting worker pid=10014 on localhost:11020 at 10:03:05.492
starting worker pid=10016 on localhost:11020 at 10:03:05.492
starting worker pid=9991 on localhost:11020 at 10:03:05.507
starting worker pid=10038 on localhost:11020 at 10:03:05.510
starting worker pid=10027 on localhost:11020 at 10:03:05.511
starting worker pid=10009 on localhost:11020 at 10:03:05.521
starting worker pid=10040 on localhost:11020 at 10:03:05.521
starting worker pid=10012 on localhost:11020 at 10:03:05.521
starting worker pid=10042 on localhost:11020 at 10:03:05.523
starting worker pid=9989 on localhost:11020 at 10:03:05.526
starting worker pid=10002 on localhost:11020 at 10:03:05.527
starting worker pid=9993 on localhost:11020 at 10:03:05.539
starting worker pid=10023 on localhost:11020 at 10:03:05.541
starting worker pid=9992 on localhost:11020 at 10:03:05.545
starting worker pid=10003 on localhost:11020 at 10:03:05.547
starting worker pid=10010 on localhost:11020 at 10:03:05.549
starting worker pid=9997 on localhost:11020 at 10:03:05.552
starting worker pid=10039 on localhost:11020 at 10:03:05.557
starting worker pid=10000 on localhost:11020 at 10:03:05.558
starting worker pid=10031 on localhost:11020 at 10:03:05.559
starting worker pid=10006 on localhost:11020 at 10:03:05.560
starting worker pid=10024 on localhost:11020 at 10:03:05.560
starting worker pid=9994 on localhost:11020 at 10:03:05.563
starting worker pid=10037 on localhost:11020 at 10:03:05.563
starting worker pid=10005 on localhost:11020 at 10:03:05.564
starting worker pid=10011 on localhost:11020 at 10:03:05.565
starting worker pid=10025 on localhost:11020 at 10:03:05.572
starting worker pid=10022 on localhost:11020 at 10:03:05.576
starting worker pid=10018 on localhost:11020 at 10:03:05.584
starting worker pid=10035 on localhost:11020 at 10:03:05.585
starting worker pid=10033 on localhost:11020 at 10:03:05.586
starting worker pid=10028 on localhost:11020 at 10:03:05.624
starting worker pid=10041 on localhost:11020 at 10:03:05.650
starting worker pid=9996 on localhost:11020 at 10:03:05.696
starting worker pid=10020 on localhost:11020 at 10:03:05.707
[[1]]
 [1] "parallel"        "pulsar"          "PRROC"           "coda4microbiome"
 [5] "stats"           "graphics"        "grDevices"       "utils"          
 [9] "datasets"        "methods"         "base"           

[[2]]
 [1] "parallel"        "pulsar"          "PRROC"           "coda4microbiome"
 [5] "stats"           "graphics"        "grDevices"       "utils"          
 [9] "datasets"        "methods"         "base"           

[[3]]
 [1] "parallel"        "pulsar"          "PRROC"           "coda4microbiome"
 [5] "stats"           "graphics"        "grDevices"       "utils"          
 [9] "datasets"        "methods"         "base"           

[[4]]
 [1] "parallel"        "pulsar"          "PRROC"           "coda4microbiome"
 [5] "stats"           "graphics"        "grDevices"       "utils"          
 [9] "datasets"        "methods"         "base"           

[[5]]
 [1] "parallel"        "pulsar"          "PRROC"           "coda4microbiome"
 [5] "stats"           "graphics"        "grDevices"       "utils"          
 [9] "datasets"        "methods"         "base"           

[[6]]
 [1] "parallel"        "pulsar"          "PRROC"           "coda4microbiome"
 [5] "stats"           "graphics"        "grDevices"       "utils"          
 [9] "datasets"        "methods"         "base"           

[[7]]
 [1] "parallel"        "pulsar"          "PRROC"           "coda4microbiome"
 [5] "stats"           "graphics"        "grDevices"       "utils"          
 [9] "datasets"        "methods"         "base"           

[[8]]
 [1] "parallel"        "pulsar"          "PRROC"           "coda4microbiome"
 [5] "stats"           "graphics"        "grDevices"       "utils"          
 [9] "datasets"        "methods"         "base"           

[[9]]
 [1] "parallel"        "pulsar"          "PRROC"           "coda4microbiome"
 [5] "stats"           "graphics"        "grDevices"       "utils"          
 [9] "datasets"        "methods"         "base"           

[[10]]
 [1] "parallel"        "pulsar"          "PRROC"           "coda4microbiome"
 [5] "stats"           "graphics"        "grDevices"       "utils"          
 [9] "datasets"        "methods"         "base"           

[[11]]
 [1] "parallel"        "pulsar"          "PRROC"           "coda4microbiome"
 [5] "stats"           "graphics"        "grDevices"       "utils"          
 [9] "datasets"        "methods"         "base"           

[[12]]
 [1] "parallel"        "pulsar"          "PRROC"           "coda4microbiome"
 [5] "stats"           "graphics"        "grDevices"       "utils"          
 [9] "datasets"        "methods"         "base"           

[[13]]
 [1] "parallel"        "pulsar"          "PRROC"           "coda4microbiome"
 [5] "stats"           "graphics"        "grDevices"       "utils"          
 [9] "datasets"        "methods"         "base"           

[[14]]
 [1] "parallel"        "pulsar"          "PRROC"           "coda4microbiome"
 [5] "stats"           "graphics"        "grDevices"       "utils"          
 [9] "datasets"        "methods"         "base"           

[[15]]
 [1] "parallel"        "pulsar"          "PRROC"           "coda4microbiome"
 [5] "stats"           "graphics"        "grDevices"       "utils"          
 [9] "datasets"        "methods"         "base"           

[[16]]
 [1] "parallel"        "pulsar"          "PRROC"           "coda4microbiome"
 [5] "stats"           "graphics"        "grDevices"       "utils"          
 [9] "datasets"        "methods"         "base"           

[[17]]
 [1] "parallel"        "pulsar"          "PRROC"           "coda4microbiome"
 [5] "stats"           "graphics"        "grDevices"       "utils"          
 [9] "datasets"        "methods"         "base"           

[[18]]
 [1] "parallel"        "pulsar"          "PRROC"           "coda4microbiome"
 [5] "stats"           "graphics"        "grDevices"       "utils"          
 [9] "datasets"        "methods"         "base"           

[[19]]
 [1] "parallel"        "pulsar"          "PRROC"           "coda4microbiome"
 [5] "stats"           "graphics"        "grDevices"       "utils"          
 [9] "datasets"        "methods"         "base"           

[[20]]
 [1] "parallel"        "pulsar"          "PRROC"           "coda4microbiome"
 [5] "stats"           "graphics"        "grDevices"       "utils"          
 [9] "datasets"        "methods"         "base"           

[[21]]
 [1] "parallel"        "pulsar"          "PRROC"           "coda4microbiome"
 [5] "stats"           "graphics"        "grDevices"       "utils"          
 [9] "datasets"        "methods"         "base"           

[[22]]
 [1] "parallel"        "pulsar"          "PRROC"           "coda4microbiome"
 [5] "stats"           "graphics"        "grDevices"       "utils"          
 [9] "datasets"        "methods"         "base"           

[[23]]
 [1] "parallel"        "pulsar"          "PRROC"           "coda4microbiome"
 [5] "stats"           "graphics"        "grDevices"       "utils"          
 [9] "datasets"        "methods"         "base"           

[[24]]
 [1] "parallel"        "pulsar"          "PRROC"           "coda4microbiome"
 [5] "stats"           "graphics"        "grDevices"       "utils"          
 [9] "datasets"        "methods"         "base"           

[[25]]
 [1] "parallel"        "pulsar"          "PRROC"           "coda4microbiome"
 [5] "stats"           "graphics"        "grDevices"       "utils"          
 [9] "datasets"        "methods"         "base"           

[[26]]
 [1] "parallel"        "pulsar"          "PRROC"           "coda4microbiome"
 [5] "stats"           "graphics"        "grDevices"       "utils"          
 [9] "datasets"        "methods"         "base"           

[[27]]
 [1] "parallel"        "pulsar"          "PRROC"           "coda4microbiome"
 [5] "stats"           "graphics"        "grDevices"       "utils"          
 [9] "datasets"        "methods"         "base"           

[[28]]
 [1] "parallel"        "pulsar"          "PRROC"           "coda4microbiome"
 [5] "stats"           "graphics"        "grDevices"       "utils"          
 [9] "datasets"        "methods"         "base"           

[[29]]
 [1] "parallel"        "pulsar"          "PRROC"           "coda4microbiome"
 [5] "stats"           "graphics"        "grDevices"       "utils"          
 [9] "datasets"        "methods"         "base"           

[[30]]
 [1] "parallel"        "pulsar"          "PRROC"           "coda4microbiome"
 [5] "stats"           "graphics"        "grDevices"       "utils"          
 [9] "datasets"        "methods"         "base"           

[[31]]
 [1] "parallel"        "pulsar"          "PRROC"           "coda4microbiome"
 [5] "stats"           "graphics"        "grDevices"       "utils"          
 [9] "datasets"        "methods"         "base"           

[[32]]
 [1] "parallel"        "pulsar"          "PRROC"           "coda4microbiome"
 [5] "stats"           "graphics"        "grDevices"       "utils"          
 [9] "datasets"        "methods"         "base"           

[[33]]
 [1] "parallel"        "pulsar"          "PRROC"           "coda4microbiome"
 [5] "stats"           "graphics"        "grDevices"       "utils"          
 [9] "datasets"        "methods"         "base"           

[[34]]
 [1] "parallel"        "pulsar"          "PRROC"           "coda4microbiome"
 [5] "stats"           "graphics"        "grDevices"       "utils"          
 [9] "datasets"        "methods"         "base"           

[[35]]
 [1] "parallel"        "pulsar"          "PRROC"           "coda4microbiome"
 [5] "stats"           "graphics"        "grDevices"       "utils"          
 [9] "datasets"        "methods"         "base"           

[[36]]
 [1] "parallel"        "pulsar"          "PRROC"           "coda4microbiome"
 [5] "stats"           "graphics"        "grDevices"       "utils"          
 [9] "datasets"        "methods"         "base"           

[[37]]
 [1] "parallel"        "pulsar"          "PRROC"           "coda4microbiome"
 [5] "stats"           "graphics"        "grDevices"       "utils"          
 [9] "datasets"        "methods"         "base"           

[[38]]
 [1] "parallel"        "pulsar"          "PRROC"           "coda4microbiome"
 [5] "stats"           "graphics"        "grDevices"       "utils"          
 [9] "datasets"        "methods"         "base"           

[[39]]
 [1] "parallel"        "pulsar"          "PRROC"           "coda4microbiome"
 [5] "stats"           "graphics"        "grDevices"       "utils"          
 [9] "datasets"        "methods"         "base"           

[[40]]
 [1] "parallel"        "pulsar"          "PRROC"           "coda4microbiome"
 [5] "stats"           "graphics"        "grDevices"       "utils"          
 [9] "datasets"        "methods"         "base"           

[[41]]
 [1] "parallel"        "pulsar"          "PRROC"           "coda4microbiome"
 [5] "stats"           "graphics"        "grDevices"       "utils"          
 [9] "datasets"        "methods"         "base"           

[[42]]
 [1] "parallel"        "pulsar"          "PRROC"           "coda4microbiome"
 [5] "stats"           "graphics"        "grDevices"       "utils"          
 [9] "datasets"        "methods"         "base"           

[[43]]
 [1] "parallel"        "pulsar"          "PRROC"           "coda4microbiome"
 [5] "stats"           "graphics"        "grDevices"       "utils"          
 [9] "datasets"        "methods"         "base"           

[[44]]
 [1] "parallel"        "pulsar"          "PRROC"           "coda4microbiome"
 [5] "stats"           "graphics"        "grDevices"       "utils"          
 [9] "datasets"        "methods"         "base"           

[[45]]
 [1] "parallel"        "pulsar"          "PRROC"           "coda4microbiome"
 [5] "stats"           "graphics"        "grDevices"       "utils"          
 [9] "datasets"        "methods"         "base"           

[[46]]
 [1] "parallel"        "pulsar"          "PRROC"           "coda4microbiome"
 [5] "stats"           "graphics"        "grDevices"       "utils"          
 [9] "datasets"        "methods"         "base"           

[[47]]
 [1] "parallel"        "pulsar"          "PRROC"           "coda4microbiome"
 [5] "stats"           "graphics"        "grDevices"       "utils"          
 [9] "datasets"        "methods"         "base"           

[[48]]
 [1] "parallel"        "pulsar"          "PRROC"           "coda4microbiome"
 [5] "stats"           "graphics"        "grDevices"       "utils"          
 [9] "datasets"        "methods"         "base"           

[[49]]
 [1] "parallel"        "pulsar"          "PRROC"           "coda4microbiome"
 [5] "stats"           "graphics"        "grDevices"       "utils"          
 [9] "datasets"        "methods"         "base"           

[[50]]
 [1] "parallel"        "pulsar"          "PRROC"           "coda4microbiome"
 [5] "stats"           "graphics"        "grDevices"       "utils"          
 [9] "datasets"        "methods"         "base"           

[[51]]
 [1] "parallel"        "pulsar"          "PRROC"           "coda4microbiome"
 [5] "stats"           "graphics"        "grDevices"       "utils"          
 [9] "datasets"        "methods"         "base"           

[[52]]
 [1] "parallel"        "pulsar"          "PRROC"           "coda4microbiome"
 [5] "stats"           "graphics"        "grDevices"       "utils"          
 [9] "datasets"        "methods"         "base"           

[[53]]
 [1] "parallel"        "pulsar"          "PRROC"           "coda4microbiome"
 [5] "stats"           "graphics"        "grDevices"       "utils"          
 [9] "datasets"        "methods"         "base"           

[[54]]
 [1] "parallel"        "pulsar"          "PRROC"           "coda4microbiome"
 [5] "stats"           "graphics"        "grDevices"       "utils"          
 [9] "datasets"        "methods"         "base"           

[[55]]
 [1] "parallel"        "pulsar"          "PRROC"           "coda4microbiome"
 [5] "stats"           "graphics"        "grDevices"       "utils"          
 [9] "datasets"        "methods"         "base"           

