starting worker pid=49983 on localhost:11336 at 18:22:44.675
starting worker pid=49979 on localhost:11336 at 18:22:44.766
starting worker pid=50000 on localhost:11336 at 18:22:44.847
starting worker pid=49978 on localhost:11336 at 18:22:44.870
starting worker pid=49970 on localhost:11336 at 18:22:44.923
starting worker pid=50001 on localhost:11336 at 18:22:44.931
starting worker pid=49967 on localhost:11336 at 18:22:44.932
starting worker pid=49957 on localhost:11336 at 18:22:44.947
starting worker pid=49977 on localhost:11336 at 18:22:44.970
starting worker pid=49987 on localhost:11336 at 18:22:44.972
starting worker pid=49954 on localhost:11336 at 18:22:44.973
starting worker pid=49956 on localhost:11336 at 18:22:44.996
starting worker pid=49998 on localhost:11336 at 18:22:44.999
starting worker pid=49962 on localhost:11336 at 18:22:45.004
starting worker pid=50003 on localhost:11336 at 18:22:45.006
starting worker pid=49982 on localhost:11336 at 18:22:45.008
starting worker pid=49985 on localhost:11336 at 18:22:45.021
starting worker pid=49994 on localhost:11336 at 18:22:45.026
starting worker pid=49968 on localhost:11336 at 18:22:45.032
starting worker pid=49997 on localhost:11336 at 18:22:45.032
starting worker pid=49963 on localhost:11336 at 18:22:45.039
starting worker pid=49955 on localhost:11336 at 18:22:45.040
starting worker pid=50006 on localhost:11336 at 18:22:45.044
starting worker pid=49953 on localhost:11336 at 18:22:45.045
starting worker pid=49964 on localhost:11336 at 18:22:45.048
starting worker pid=49989 on localhost:11336 at 18:22:45.050
starting worker pid=49961 on localhost:11336 at 18:22:45.054
starting worker pid=50007 on localhost:11336 at 18:22:45.056
starting worker pid=49972 on localhost:11336 at 18:22:45.063
starting worker pid=49990 on localhost:11336 at 18:22:45.064
starting worker pid=49986 on localhost:11336 at 18:22:45.066
starting worker pid=49969 on localhost:11336 at 18:22:45.068
starting worker pid=49981 on localhost:11336 at 18:22:45.069
starting worker pid=49999 on localhost:11336 at 18:22:45.081
starting worker pid=49973 on localhost:11336 at 18:22:45.083
starting worker pid=49991 on localhost:11336 at 18:22:45.090
starting worker pid=49960 on localhost:11336 at 18:22:45.096
starting worker pid=49992 on localhost:11336 at 18:22:45.097
starting worker pid=49980 on localhost:11336 at 18:22:45.106
starting worker pid=49971 on localhost:11336 at 18:22:45.110
starting worker pid=49966 on localhost:11336 at 18:22:45.112
starting worker pid=49975 on localhost:11336 at 18:22:45.112
starting worker pid=49988 on localhost:11336 at 18:22:45.113
starting worker pid=50004 on localhost:11336 at 18:22:45.116
starting worker pid=49984 on localhost:11336 at 18:22:45.126
starting worker pid=49965 on localhost:11336 at 18:22:45.130
starting worker pid=50002 on localhost:11336 at 18:22:45.130
starting worker pid=49974 on localhost:11336 at 18:22:45.143
starting worker pid=49995 on localhost:11336 at 18:22:45.145
starting worker pid=49993 on localhost:11336 at 18:22:45.153
starting worker pid=50005 on localhost:11336 at 18:22:45.154
starting worker pid=49958 on localhost:11336 at 18:22:45.163
starting worker pid=49996 on localhost:11336 at 18:22:45.242
starting worker pid=49976 on localhost:11336 at 18:22:45.348
starting worker pid=49959 on localhost:11336 at 18:22:45.348
[[1]]
 [1] "parallel"        "pulsar"          "PRROC"           "dplyr"          
 [5] "coda4microbiome" "stats"           "graphics"        "grDevices"      
 [9] "utils"           "datasets"        "methods"         "base"           

[[2]]
 [1] "parallel"        "pulsar"          "PRROC"           "dplyr"          
 [5] "coda4microbiome" "stats"           "graphics"        "grDevices"      
 [9] "utils"           "datasets"        "methods"         "base"           

[[3]]
 [1] "parallel"        "pulsar"          "PRROC"           "dplyr"          
 [5] "coda4microbiome" "stats"           "graphics"        "grDevices"      
 [9] "utils"           "datasets"        "methods"         "base"           

[[4]]
 [1] "parallel"        "pulsar"          "PRROC"           "dplyr"          
 [5] "coda4microbiome" "stats"           "graphics"        "grDevices"      
 [9] "utils"           "datasets"        "methods"         "base"           

[[5]]
 [1] "parallel"        "pulsar"          "PRROC"           "dplyr"          
 [5] "coda4microbiome" "stats"           "graphics"        "grDevices"      
 [9] "utils"           "datasets"        "methods"         "base"           

[[6]]
 [1] "parallel"        "pulsar"          "PRROC"           "dplyr"          
 [5] "coda4microbiome" "stats"           "graphics"        "grDevices"      
 [9] "utils"           "datasets"        "methods"         "base"           

[[7]]
 [1] "parallel"        "pulsar"          "PRROC"           "dplyr"          
 [5] "coda4microbiome" "stats"           "graphics"        "grDevices"      
 [9] "utils"           "datasets"        "methods"         "base"           

[[8]]
 [1] "parallel"        "pulsar"          "PRROC"           "dplyr"          
 [5] "coda4microbiome" "stats"           "graphics"        "grDevices"      
 [9] "utils"           "datasets"        "methods"         "base"           

[[9]]
 [1] "parallel"        "pulsar"          "PRROC"           "dplyr"          
 [5] "coda4microbiome" "stats"           "graphics"        "grDevices"      
 [9] "utils"           "datasets"        "methods"         "base"           

[[10]]
 [1] "parallel"        "pulsar"          "PRROC"           "dplyr"          
 [5] "coda4microbiome" "stats"           "graphics"        "grDevices"      
 [9] "utils"           "datasets"        "methods"         "base"           

[[11]]
 [1] "parallel"        "pulsar"          "PRROC"           "dplyr"          
 [5] "coda4microbiome" "stats"           "graphics"        "grDevices"      
 [9] "utils"           "datasets"        "methods"         "base"           

[[12]]
 [1] "parallel"        "pulsar"          "PRROC"           "dplyr"          
 [5] "coda4microbiome" "stats"           "graphics"        "grDevices"      
 [9] "utils"           "datasets"        "methods"         "base"           

[[13]]
 [1] "parallel"        "pulsar"          "PRROC"           "dplyr"          
 [5] "coda4microbiome" "stats"           "graphics"        "grDevices"      
 [9] "utils"           "datasets"        "methods"         "base"           

[[14]]
 [1] "parallel"        "pulsar"          "PRROC"           "dplyr"          
 [5] "coda4microbiome" "stats"           "graphics"        "grDevices"      
 [9] "utils"           "datasets"        "methods"         "base"           

[[15]]
 [1] "parallel"        "pulsar"          "PRROC"           "dplyr"          
 [5] "coda4microbiome" "stats"           "graphics"        "grDevices"      
 [9] "utils"           "datasets"        "methods"         "base"           

[[16]]
 [1] "parallel"        "pulsar"          "PRROC"           "dplyr"          
 [5] "coda4microbiome" "stats"           "graphics"        "grDevices"      
 [9] "utils"           "datasets"        "methods"         "base"           

[[17]]
 [1] "parallel"        "pulsar"          "PRROC"           "dplyr"          
 [5] "coda4microbiome" "stats"           "graphics"        "grDevices"      
 [9] "utils"           "datasets"        "methods"         "base"           

[[18]]
 [1] "parallel"        "pulsar"          "PRROC"           "dplyr"          
 [5] "coda4microbiome" "stats"           "graphics"        "grDevices"      
 [9] "utils"           "datasets"        "methods"         "base"           

[[19]]
 [1] "parallel"        "pulsar"          "PRROC"           "dplyr"          
 [5] "coda4microbiome" "stats"           "graphics"        "grDevices"      
 [9] "utils"           "datasets"        "methods"         "base"           

[[20]]
 [1] "parallel"        "pulsar"          "PRROC"           "dplyr"          
 [5] "coda4microbiome" "stats"           "graphics"        "grDevices"      
 [9] "utils"           "datasets"        "methods"         "base"           

[[21]]
 [1] "parallel"        "pulsar"          "PRROC"           "dplyr"          
 [5] "coda4microbiome" "stats"           "graphics"        "grDevices"      
 [9] "utils"           "datasets"        "methods"         "base"           

[[22]]
 [1] "parallel"        "pulsar"          "PRROC"           "dplyr"          
 [5] "coda4microbiome" "stats"           "graphics"        "grDevices"      
 [9] "utils"           "datasets"        "methods"         "base"           

[[23]]
 [1] "parallel"        "pulsar"          "PRROC"           "dplyr"          
 [5] "coda4microbiome" "stats"           "graphics"        "grDevices"      
 [9] "utils"           "datasets"        "methods"         "base"           

[[24]]
 [1] "parallel"        "pulsar"          "PRROC"           "dplyr"          
 [5] "coda4microbiome" "stats"           "graphics"        "grDevices"      
 [9] "utils"           "datasets"        "methods"         "base"           

[[25]]
 [1] "parallel"        "pulsar"          "PRROC"           "dplyr"          
 [5] "coda4microbiome" "stats"           "graphics"        "grDevices"      
 [9] "utils"           "datasets"        "methods"         "base"           

[[26]]
 [1] "parallel"        "pulsar"          "PRROC"           "dplyr"          
 [5] "coda4microbiome" "stats"           "graphics"        "grDevices"      
 [9] "utils"           "datasets"        "methods"         "base"           

[[27]]
 [1] "parallel"        "pulsar"          "PRROC"           "dplyr"          
 [5] "coda4microbiome" "stats"           "graphics"        "grDevices"      
 [9] "utils"           "datasets"        "methods"         "base"           

[[28]]
 [1] "parallel"        "pulsar"          "PRROC"           "dplyr"          
 [5] "coda4microbiome" "stats"           "graphics"        "grDevices"      
 [9] "utils"           "datasets"        "methods"         "base"           

[[29]]
 [1] "parallel"        "pulsar"          "PRROC"           "dplyr"          
 [5] "coda4microbiome" "stats"           "graphics"        "grDevices"      
 [9] "utils"           "datasets"        "methods"         "base"           

[[30]]
 [1] "parallel"        "pulsar"          "PRROC"           "dplyr"          
 [5] "coda4microbiome" "stats"           "graphics"        "grDevices"      
 [9] "utils"           "datasets"        "methods"         "base"           

[[31]]
 [1] "parallel"        "pulsar"          "PRROC"           "dplyr"          
 [5] "coda4microbiome" "stats"           "graphics"        "grDevices"      
 [9] "utils"           "datasets"        "methods"         "base"           

[[32]]
 [1] "parallel"        "pulsar"          "PRROC"           "dplyr"          
 [5] "coda4microbiome" "stats"           "graphics"        "grDevices"      
 [9] "utils"           "datasets"        "methods"         "base"           

[[33]]
 [1] "parallel"        "pulsar"          "PRROC"           "dplyr"          
 [5] "coda4microbiome" "stats"           "graphics"        "grDevices"      
 [9] "utils"           "datasets"        "methods"         "base"           

[[34]]
 [1] "parallel"        "pulsar"          "PRROC"           "dplyr"          
 [5] "coda4microbiome" "stats"           "graphics"        "grDevices"      
 [9] "utils"           "datasets"        "methods"         "base"           

[[35]]
 [1] "parallel"        "pulsar"          "PRROC"           "dplyr"          
 [5] "coda4microbiome" "stats"           "graphics"        "grDevices"      
 [9] "utils"           "datasets"        "methods"         "base"           

[[36]]
 [1] "parallel"        "pulsar"          "PRROC"           "dplyr"          
 [5] "coda4microbiome" "stats"           "graphics"        "grDevices"      
 [9] "utils"           "datasets"        "methods"         "base"           

[[37]]
 [1] "parallel"        "pulsar"          "PRROC"           "dplyr"          
 [5] "coda4microbiome" "stats"           "graphics"        "grDevices"      
 [9] "utils"           "datasets"        "methods"         "base"           

[[38]]
 [1] "parallel"        "pulsar"          "PRROC"           "dplyr"          
 [5] "coda4microbiome" "stats"           "graphics"        "grDevices"      
 [9] "utils"           "datasets"        "methods"         "base"           

[[39]]
 [1] "parallel"        "pulsar"          "PRROC"           "dplyr"          
 [5] "coda4microbiome" "stats"           "graphics"        "grDevices"      
 [9] "utils"           "datasets"        "methods"         "base"           

[[40]]
 [1] "parallel"        "pulsar"          "PRROC"           "dplyr"          
 [5] "coda4microbiome" "stats"           "graphics"        "grDevices"      
 [9] "utils"           "datasets"        "methods"         "base"           

[[41]]
 [1] "parallel"        "pulsar"          "PRROC"           "dplyr"          
 [5] "coda4microbiome" "stats"           "graphics"        "grDevices"      
 [9] "utils"           "datasets"        "methods"         "base"           

[[42]]
 [1] "parallel"        "pulsar"          "PRROC"           "dplyr"          
 [5] "coda4microbiome" "stats"           "graphics"        "grDevices"      
 [9] "utils"           "datasets"        "methods"         "base"           

[[43]]
 [1] "parallel"        "pulsar"          "PRROC"           "dplyr"          
 [5] "coda4microbiome" "stats"           "graphics"        "grDevices"      
 [9] "utils"           "datasets"        "methods"         "base"           

[[44]]
 [1] "parallel"        "pulsar"          "PRROC"           "dplyr"          
 [5] "coda4microbiome" "stats"           "graphics"        "grDevices"      
 [9] "utils"           "datasets"        "methods"         "base"           

[[45]]
 [1] "parallel"        "pulsar"          "PRROC"           "dplyr"          
 [5] "coda4microbiome" "stats"           "graphics"        "grDevices"      
 [9] "utils"           "datasets"        "methods"         "base"           

[[46]]
 [1] "parallel"        "pulsar"          "PRROC"           "dplyr"          
 [5] "coda4microbiome" "stats"           "graphics"        "grDevices"      
 [9] "utils"           "datasets"        "methods"         "base"           

[[47]]
 [1] "parallel"        "pulsar"          "PRROC"           "dplyr"          
 [5] "coda4microbiome" "stats"           "graphics"        "grDevices"      
 [9] "utils"           "datasets"        "methods"         "base"           

[[48]]
 [1] "parallel"        "pulsar"          "PRROC"           "dplyr"          
 [5] "coda4microbiome" "stats"           "graphics"        "grDevices"      
 [9] "utils"           "datasets"        "methods"         "base"           

[[49]]
 [1] "parallel"        "pulsar"          "PRROC"           "dplyr"          
 [5] "coda4microbiome" "stats"           "graphics"        "grDevices"      
 [9] "utils"           "datasets"        "methods"         "base"           

[[50]]
 [1] "parallel"        "pulsar"          "PRROC"           "dplyr"          
 [5] "coda4microbiome" "stats"           "graphics"        "grDevices"      
 [9] "utils"           "datasets"        "methods"         "base"           

[[51]]
 [1] "parallel"        "pulsar"          "PRROC"           "dplyr"          
 [5] "coda4microbiome" "stats"           "graphics"        "grDevices"      
 [9] "utils"           "datasets"        "methods"         "base"           

[[52]]
 [1] "parallel"        "pulsar"          "PRROC"           "dplyr"          
 [5] "coda4microbiome" "stats"           "graphics"        "grDevices"      
 [9] "utils"           "datasets"        "methods"         "base"           

[[53]]
 [1] "parallel"        "pulsar"          "PRROC"           "dplyr"          
 [5] "coda4microbiome" "stats"           "graphics"        "grDevices"      
 [9] "utils"           "datasets"        "methods"         "base"           

[[54]]
 [1] "parallel"        "pulsar"          "PRROC"           "dplyr"          
 [5] "coda4microbiome" "stats"           "graphics"        "grDevices"      
 [9] "utils"           "datasets"        "methods"         "base"           

[[55]]
 [1] "parallel"        "pulsar"          "PRROC"           "dplyr"          
 [5] "coda4microbiome" "stats"           "graphics"        "grDevices"      
 [9] "utils"           "datasets"        "methods"         "base"           

