Loading r/4.1.2-gcc11-mkl
  Unloading conflict: intel-mpi/2019-intel intel-oneapi-compilers/2021.4.0
  Loading requirement: gcc/11.2.0
Loading required package: iterators
Loading required package: parallel
Loading required package: rngtools
Error in unserialize(socklist[[n]]) : error reading from connection
Calls: system.time ... recvOneData -> recvOneData.SOCKcluster -> unserialize
Timing stopped at: 4.773 1.156 35.76
Execution halted
Error in unserialize(node$con) : error reading from connection
Calls: <Anonymous> ... doTryCatch -> recvData -> recvData.SOCKnode -> unserialize
Error in unserialize(node$con) : error reading from connection
Calls: <Anonymous> ... doTryCatch -> recvData -> recvData.SOCKnode -> unserialize
Error in unserialize(node$con) : error reading from connection
Calls: <Anonymous> ... doTryCatch -> recvData -> recvData.SOCKnode -> unserialize
Error in unserialize(node$con) : error reading from connection
Calls: <Anonymous> ... doTryCatch -> recvData -> recvData.SOCKnode -> unserialize
Error in unserialize(node$con) : error reading from connection
Calls: <Anonymous> ... doTryCatch -> recvData -> recvData.SOCKnode -> unserialize
Error in unserialize(node$con) : error reading from connection
Calls: <Anonymous> ... doTryCatch -> recvData -> recvData.SOCKnode -> unserialize
Error in unserialize(node$con) : error reading from connection
Calls: <Anonymous> ... doTryCatch -> recvData -> recvData.SOCKnode -> unserialize
Execution halted
Error in unserialize(node$con) : error reading from connection
Calls: <Anonymous> ... doTryCatch -> recvData -> recvData.SOCKnode -> unserialize
Error in unserialize(node$con) : error reading from connection
Calls: <Anonymous> ... doTryCatch -> recvData -> recvData.SOCKnode -> unserialize
Error in unserialize(node$con) : error reading from connection
Calls: <Anonymous> ... doTryCatch -> recvData -> recvData.SOCKnode -> unserialize
Execution halted
Error in unserialize(node$con) : error reading from connection
Calls: <Anonymous> ... doTryCatch -> recvData -> recvData.SOCKnode -> unserialize
Execution halted
Execution halted
Execution halted
Error in unserialize(node$con) : error reading from connection
Calls: <Anonymous> ... doTryCatch -> recvData -> recvData.SOCKnode -> unserialize
Error in unserialize(node$con) : error reading from connection
Calls: <Anonymous> ... doTryCatch -> recvData -> recvData.SOCKnode -> unserialize
Error in unserialize(node$con) : error reading from connection
Calls: <Anonymous> ... doTryCatch -> recvData -> recvData.SOCKnode -> unserialize
Error in unserialize(node$con) : error reading from connection
Calls: <Anonymous> ... doTryCatch -> recvData -> recvData.SOCKnode -> unserialize
Execution halted
Error in unserialize(node$con) : error reading from connection
Calls: <Anonymous> ... doTryCatch -> recvData -> recvData.SOCKnode -> unserialize
Error in unserialize(node$con) : error reading from connection
Calls: <Anonymous> ... doTryCatch -> recvData -> recvData.SOCKnode -> unserialize
Error in unserialize(node$con) : error reading from connection
Calls: <Anonymous> ... doTryCatch -> recvData -> recvData.SOCKnode -> unserialize
Error in unserialize(node$con) : error reading from connection
Calls: <Anonymous> ... doTryCatch -> recvData -> recvData.SOCKnode -> unserialize
Error in unserialize(node$con) : error reading from connection
Calls: <Anonymous> ... doTryCatch -> recvData -> recvData.SOCKnode -> unserialize
Execution halted
Error in unserialize(node$con) : error reading from connection
Calls: <Anonymous> ... doTryCatch -> recvData -> recvData.SOCKnode -> unserialize
Execution halted
Error in unserialize(node$con) : error reading from connection
Calls: <Anonymous> ... doTryCatch -> recvData -> recvData.SOCKnode -> unserialize
Error in unserialize(node$con) : error reading from connection
Calls: <Anonymous> ... doTryCatch -> recvData -> recvData.SOCKnode -> unserialize
Execution halted
Error in unserialize(node$con) : error reading from connection
Calls: <Anonymous> ... doTryCatch -> recvData -> recvData.SOCKnode -> unserialize
Execution halted
Execution halted
Execution halted
Execution halted
Execution halted
Execution halted
Execution halted
Execution halted
Execution halted
Execution halted
Execution halted
Execution halted
Execution halted
Execution halted
Execution halted
Error in unserialize(node$con) : error reading from connection
Calls: <Anonymous> ... doTryCatch -> recvData -> recvData.SOCKnode -> unserialize
Execution halted
Error in unserialize(node$con) : error reading from connection
Calls: <Anonymous> ... doTryCatch -> recvData -> recvData.SOCKnode -> unserialize
Error in unserialize(node$con) : error reading from connection
Calls: <Anonymous> ... doTryCatch -> recvData -> recvData.SOCKnode -> unserialize
Execution halted
Execution halted
Error in unserialize(node$con) : error reading from connection
Calls: <Anonymous> ... doTryCatch -> recvData -> recvData.SOCKnode -> unserialize
Error in unserialize(node$con) : error reading from connection
Calls: <Anonymous> ... doTryCatch -> recvData -> recvData.SOCKnode -> unserialize
Error in unserialize(node$con) : error reading from connection
Calls: <Anonymous> ... doTryCatch -> recvData -> recvData.SOCKnode -> unserialize
Execution halted
Error in unserialize(node$con) : error reading from connection
Calls: <Anonymous> ... doTryCatch -> recvData -> recvData.SOCKnode -> unserialize
Execution halted
Execution halted
Execution halted
Error in unserialize(node$con) : error reading from connection
Calls: <Anonymous> ... doTryCatch -> recvData -> recvData.SOCKnode -> unserialize
Error in unserialize(node$con) : error reading from connection
Calls: <Anonymous> ... doTryCatch -> recvData -> recvData.SOCKnode -> unserialize
Error in unserialize(node$con) : error reading from connection
Calls: <Anonymous> ... doTryCatch -> recvData -> recvData.SOCKnode -> unserialize
Execution halted
Execution halted
Error in unserialize(node$con) : error reading from connection
Calls: <Anonymous> ... doTryCatch -> recvData -> recvData.SOCKnode -> unserialize
Execution halted
Error in unserialize(node$con) : error reading from connection
Calls: <Anonymous> ... doTryCatch -> recvData -> recvData.SOCKnode -> unserialize
Execution halted
Execution halted
Warning message:
system call failed: Cannot allocate memory 
