starting worker pid=18548 on localhost:11896 at 01:50:58.342
starting worker pid=18516 on localhost:11896 at 01:50:58.474
starting worker pid=18525 on localhost:11896 at 01:50:58.620
starting worker pid=18523 on localhost:11896 at 01:50:58.643
starting worker pid=18541 on localhost:11896 at 01:50:58.660
starting worker pid=18517 on localhost:11896 at 01:50:58.662
starting worker pid=18524 on localhost:11896 at 01:50:58.719
starting worker pid=18510 on localhost:11896 at 01:50:58.727
starting worker pid=18496 on localhost:11896 at 01:50:58.728
starting worker pid=18498 on localhost:11896 at 01:50:58.732
starting worker pid=18511 on localhost:11896 at 01:50:58.767
starting worker pid=18506 on localhost:11896 at 01:50:58.779
starting worker pid=18509 on localhost:11896 at 01:50:58.795
starting worker pid=18545 on localhost:11896 at 01:50:58.805
starting worker pid=18533 on localhost:11896 at 01:50:58.815
starting worker pid=18503 on localhost:11896 at 01:50:58.815
starting worker pid=18519 on localhost:11896 at 01:50:58.826
starting worker pid=18502 on localhost:11896 at 01:50:58.831
starting worker pid=18537 on localhost:11896 at 01:50:58.833
starting worker pid=18530 on localhost:11896 at 01:50:58.837
starting worker pid=18544 on localhost:11896 at 01:50:58.844
starting worker pid=18534 on localhost:11896 at 01:50:58.850
starting worker pid=18514 on localhost:11896 at 01:50:58.853
starting worker pid=18527 on localhost:11896 at 01:50:58.861
starting worker pid=18547 on localhost:11896 at 01:50:58.862
starting worker pid=18535 on localhost:11896 at 01:50:58.863
starting worker pid=18538 on localhost:11896 at 01:50:58.869
starting worker pid=18528 on localhost:11896 at 01:50:58.870
starting worker pid=18542 on localhost:11896 at 01:50:58.880
starting worker pid=18521 on localhost:11896 at 01:50:58.885
starting worker pid=18507 on localhost:11896 at 01:50:58.886
starting worker pid=18546 on localhost:11896 at 01:50:58.887
starting worker pid=18497 on localhost:11896 at 01:50:58.888
starting worker pid=18520 on localhost:11896 at 01:50:58.889
starting worker pid=18549 on localhost:11896 at 01:50:58.890
starting worker pid=18513 on localhost:11896 at 01:50:58.906
starting worker pid=18532 on localhost:11896 at 01:50:58.906
starting worker pid=18543 on localhost:11896 at 01:50:58.920
starting worker pid=18526 on localhost:11896 at 01:50:58.920
starting worker pid=18539 on localhost:11896 at 01:50:58.924
starting worker pid=18518 on localhost:11896 at 01:50:58.932
starting worker pid=18501 on localhost:11896 at 01:50:58.936
starting worker pid=18522 on localhost:11896 at 01:50:58.936
starting worker pid=18500 on localhost:11896 at 01:50:58.939
starting worker pid=18499 on localhost:11896 at 01:50:58.942
starting worker pid=18540 on localhost:11896 at 01:50:58.945
starting worker pid=18504 on localhost:11896 at 01:50:58.956
starting worker pid=18536 on localhost:11896 at 01:50:58.967
starting worker pid=18515 on localhost:11896 at 01:50:58.969
starting worker pid=18505 on localhost:11896 at 01:50:58.979
starting worker pid=18529 on localhost:11896 at 01:50:59.009
starting worker pid=18512 on localhost:11896 at 01:50:59.011
starting worker pid=18495 on localhost:11896 at 01:50:59.237
starting worker pid=18531 on localhost:11896 at 01:50:59.276
starting worker pid=18508 on localhost:11896 at 01:50:59.282
[[1]]
 [1] "parallel"        "pulsar"          "PRROC"           "dplyr"          
 [5] "coda4microbiome" "stats"           "graphics"        "grDevices"      
 [9] "utils"           "datasets"        "methods"         "base"           

[[2]]
 [1] "parallel"        "pulsar"          "PRROC"           "dplyr"          
 [5] "coda4microbiome" "stats"           "graphics"        "grDevices"      
 [9] "utils"           "datasets"        "methods"         "base"           

[[3]]
 [1] "parallel"        "pulsar"          "PRROC"           "dplyr"          
 [5] "coda4microbiome" "stats"           "graphics"        "grDevices"      
 [9] "utils"           "datasets"        "methods"         "base"           

[[4]]
 [1] "parallel"        "pulsar"          "PRROC"           "dplyr"          
 [5] "coda4microbiome" "stats"           "graphics"        "grDevices"      
 [9] "utils"           "datasets"        "methods"         "base"           

[[5]]
 [1] "parallel"        "pulsar"          "PRROC"           "dplyr"          
 [5] "coda4microbiome" "stats"           "graphics"        "grDevices"      
 [9] "utils"           "datasets"        "methods"         "base"           

[[6]]
 [1] "parallel"        "pulsar"          "PRROC"           "dplyr"          
 [5] "coda4microbiome" "stats"           "graphics"        "grDevices"      
 [9] "utils"           "datasets"        "methods"         "base"           

[[7]]
 [1] "parallel"        "pulsar"          "PRROC"           "dplyr"          
 [5] "coda4microbiome" "stats"           "graphics"        "grDevices"      
 [9] "utils"           "datasets"        "methods"         "base"           

[[8]]
 [1] "parallel"        "pulsar"          "PRROC"           "dplyr"          
 [5] "coda4microbiome" "stats"           "graphics"        "grDevices"      
 [9] "utils"           "datasets"        "methods"         "base"           

[[9]]
 [1] "parallel"        "pulsar"          "PRROC"           "dplyr"          
 [5] "coda4microbiome" "stats"           "graphics"        "grDevices"      
 [9] "utils"           "datasets"        "methods"         "base"           

[[10]]
 [1] "parallel"        "pulsar"          "PRROC"           "dplyr"          
 [5] "coda4microbiome" "stats"           "graphics"        "grDevices"      
 [9] "utils"           "datasets"        "methods"         "base"           

[[11]]
 [1] "parallel"        "pulsar"          "PRROC"           "dplyr"          
 [5] "coda4microbiome" "stats"           "graphics"        "grDevices"      
 [9] "utils"           "datasets"        "methods"         "base"           

[[12]]
 [1] "parallel"        "pulsar"          "PRROC"           "dplyr"          
 [5] "coda4microbiome" "stats"           "graphics"        "grDevices"      
 [9] "utils"           "datasets"        "methods"         "base"           

[[13]]
 [1] "parallel"        "pulsar"          "PRROC"           "dplyr"          
 [5] "coda4microbiome" "stats"           "graphics"        "grDevices"      
 [9] "utils"           "datasets"        "methods"         "base"           

[[14]]
 [1] "parallel"        "pulsar"          "PRROC"           "dplyr"          
 [5] "coda4microbiome" "stats"           "graphics"        "grDevices"      
 [9] "utils"           "datasets"        "methods"         "base"           

[[15]]
 [1] "parallel"        "pulsar"          "PRROC"           "dplyr"          
 [5] "coda4microbiome" "stats"           "graphics"        "grDevices"      
 [9] "utils"           "datasets"        "methods"         "base"           

[[16]]
 [1] "parallel"        "pulsar"          "PRROC"           "dplyr"          
 [5] "coda4microbiome" "stats"           "graphics"        "grDevices"      
 [9] "utils"           "datasets"        "methods"         "base"           

[[17]]
 [1] "parallel"        "pulsar"          "PRROC"           "dplyr"          
 [5] "coda4microbiome" "stats"           "graphics"        "grDevices"      
 [9] "utils"           "datasets"        "methods"         "base"           

[[18]]
 [1] "parallel"        "pulsar"          "PRROC"           "dplyr"          
 [5] "coda4microbiome" "stats"           "graphics"        "grDevices"      
 [9] "utils"           "datasets"        "methods"         "base"           

[[19]]
 [1] "parallel"        "pulsar"          "PRROC"           "dplyr"          
 [5] "coda4microbiome" "stats"           "graphics"        "grDevices"      
 [9] "utils"           "datasets"        "methods"         "base"           

[[20]]
 [1] "parallel"        "pulsar"          "PRROC"           "dplyr"          
 [5] "coda4microbiome" "stats"           "graphics"        "grDevices"      
 [9] "utils"           "datasets"        "methods"         "base"           

[[21]]
 [1] "parallel"        "pulsar"          "PRROC"           "dplyr"          
 [5] "coda4microbiome" "stats"           "graphics"        "grDevices"      
 [9] "utils"           "datasets"        "methods"         "base"           

[[22]]
 [1] "parallel"        "pulsar"          "PRROC"           "dplyr"          
 [5] "coda4microbiome" "stats"           "graphics"        "grDevices"      
 [9] "utils"           "datasets"        "methods"         "base"           

[[23]]
 [1] "parallel"        "pulsar"          "PRROC"           "dplyr"          
 [5] "coda4microbiome" "stats"           "graphics"        "grDevices"      
 [9] "utils"           "datasets"        "methods"         "base"           

[[24]]
 [1] "parallel"        "pulsar"          "PRROC"           "dplyr"          
 [5] "coda4microbiome" "stats"           "graphics"        "grDevices"      
 [9] "utils"           "datasets"        "methods"         "base"           

[[25]]
 [1] "parallel"        "pulsar"          "PRROC"           "dplyr"          
 [5] "coda4microbiome" "stats"           "graphics"        "grDevices"      
 [9] "utils"           "datasets"        "methods"         "base"           

[[26]]
 [1] "parallel"        "pulsar"          "PRROC"           "dplyr"          
 [5] "coda4microbiome" "stats"           "graphics"        "grDevices"      
 [9] "utils"           "datasets"        "methods"         "base"           

[[27]]
 [1] "parallel"        "pulsar"          "PRROC"           "dplyr"          
 [5] "coda4microbiome" "stats"           "graphics"        "grDevices"      
 [9] "utils"           "datasets"        "methods"         "base"           

[[28]]
 [1] "parallel"        "pulsar"          "PRROC"           "dplyr"          
 [5] "coda4microbiome" "stats"           "graphics"        "grDevices"      
 [9] "utils"           "datasets"        "methods"         "base"           

[[29]]
 [1] "parallel"        "pulsar"          "PRROC"           "dplyr"          
 [5] "coda4microbiome" "stats"           "graphics"        "grDevices"      
 [9] "utils"           "datasets"        "methods"         "base"           

[[30]]
 [1] "parallel"        "pulsar"          "PRROC"           "dplyr"          
 [5] "coda4microbiome" "stats"           "graphics"        "grDevices"      
 [9] "utils"           "datasets"        "methods"         "base"           

[[31]]
 [1] "parallel"        "pulsar"          "PRROC"           "dplyr"          
 [5] "coda4microbiome" "stats"           "graphics"        "grDevices"      
 [9] "utils"           "datasets"        "methods"         "base"           

[[32]]
 [1] "parallel"        "pulsar"          "PRROC"           "dplyr"          
 [5] "coda4microbiome" "stats"           "graphics"        "grDevices"      
 [9] "utils"           "datasets"        "methods"         "base"           

[[33]]
 [1] "parallel"        "pulsar"          "PRROC"           "dplyr"          
 [5] "coda4microbiome" "stats"           "graphics"        "grDevices"      
 [9] "utils"           "datasets"        "methods"         "base"           

[[34]]
 [1] "parallel"        "pulsar"          "PRROC"           "dplyr"          
 [5] "coda4microbiome" "stats"           "graphics"        "grDevices"      
 [9] "utils"           "datasets"        "methods"         "base"           

[[35]]
 [1] "parallel"        "pulsar"          "PRROC"           "dplyr"          
 [5] "coda4microbiome" "stats"           "graphics"        "grDevices"      
 [9] "utils"           "datasets"        "methods"         "base"           

[[36]]
 [1] "parallel"        "pulsar"          "PRROC"           "dplyr"          
 [5] "coda4microbiome" "stats"           "graphics"        "grDevices"      
 [9] "utils"           "datasets"        "methods"         "base"           

[[37]]
 [1] "parallel"        "pulsar"          "PRROC"           "dplyr"          
 [5] "coda4microbiome" "stats"           "graphics"        "grDevices"      
 [9] "utils"           "datasets"        "methods"         "base"           

[[38]]
 [1] "parallel"        "pulsar"          "PRROC"           "dplyr"          
 [5] "coda4microbiome" "stats"           "graphics"        "grDevices"      
 [9] "utils"           "datasets"        "methods"         "base"           

[[39]]
 [1] "parallel"        "pulsar"          "PRROC"           "dplyr"          
 [5] "coda4microbiome" "stats"           "graphics"        "grDevices"      
 [9] "utils"           "datasets"        "methods"         "base"           

[[40]]
 [1] "parallel"        "pulsar"          "PRROC"           "dplyr"          
 [5] "coda4microbiome" "stats"           "graphics"        "grDevices"      
 [9] "utils"           "datasets"        "methods"         "base"           

[[41]]
 [1] "parallel"        "pulsar"          "PRROC"           "dplyr"          
 [5] "coda4microbiome" "stats"           "graphics"        "grDevices"      
 [9] "utils"           "datasets"        "methods"         "base"           

[[42]]
 [1] "parallel"        "pulsar"          "PRROC"           "dplyr"          
 [5] "coda4microbiome" "stats"           "graphics"        "grDevices"      
 [9] "utils"           "datasets"        "methods"         "base"           

[[43]]
 [1] "parallel"        "pulsar"          "PRROC"           "dplyr"          
 [5] "coda4microbiome" "stats"           "graphics"        "grDevices"      
 [9] "utils"           "datasets"        "methods"         "base"           

[[44]]
 [1] "parallel"        "pulsar"          "PRROC"           "dplyr"          
 [5] "coda4microbiome" "stats"           "graphics"        "grDevices"      
 [9] "utils"           "datasets"        "methods"         "base"           

[[45]]
 [1] "parallel"        "pulsar"          "PRROC"           "dplyr"          
 [5] "coda4microbiome" "stats"           "graphics"        "grDevices"      
 [9] "utils"           "datasets"        "methods"         "base"           

[[46]]
 [1] "parallel"        "pulsar"          "PRROC"           "dplyr"          
 [5] "coda4microbiome" "stats"           "graphics"        "grDevices"      
 [9] "utils"           "datasets"        "methods"         "base"           

[[47]]
 [1] "parallel"        "pulsar"          "PRROC"           "dplyr"          
 [5] "coda4microbiome" "stats"           "graphics"        "grDevices"      
 [9] "utils"           "datasets"        "methods"         "base"           

[[48]]
 [1] "parallel"        "pulsar"          "PRROC"           "dplyr"          
 [5] "coda4microbiome" "stats"           "graphics"        "grDevices"      
 [9] "utils"           "datasets"        "methods"         "base"           

[[49]]
 [1] "parallel"        "pulsar"          "PRROC"           "dplyr"          
 [5] "coda4microbiome" "stats"           "graphics"        "grDevices"      
 [9] "utils"           "datasets"        "methods"         "base"           

[[50]]
 [1] "parallel"        "pulsar"          "PRROC"           "dplyr"          
 [5] "coda4microbiome" "stats"           "graphics"        "grDevices"      
 [9] "utils"           "datasets"        "methods"         "base"           

[[51]]
 [1] "parallel"        "pulsar"          "PRROC"           "dplyr"          
 [5] "coda4microbiome" "stats"           "graphics"        "grDevices"      
 [9] "utils"           "datasets"        "methods"         "base"           

[[52]]
 [1] "parallel"        "pulsar"          "PRROC"           "dplyr"          
 [5] "coda4microbiome" "stats"           "graphics"        "grDevices"      
 [9] "utils"           "datasets"        "methods"         "base"           

[[53]]
 [1] "parallel"        "pulsar"          "PRROC"           "dplyr"          
 [5] "coda4microbiome" "stats"           "graphics"        "grDevices"      
 [9] "utils"           "datasets"        "methods"         "base"           

[[54]]
 [1] "parallel"        "pulsar"          "PRROC"           "dplyr"          
 [5] "coda4microbiome" "stats"           "graphics"        "grDevices"      
 [9] "utils"           "datasets"        "methods"         "base"           

[[55]]
 [1] "parallel"        "pulsar"          "PRROC"           "dplyr"          
 [5] "coda4microbiome" "stats"           "graphics"        "grDevices"      
 [9] "utils"           "datasets"        "methods"         "base"           

